[Header]
Signature=VISE
Version=0001
RemoveInUseFiles=1
RegistryKeyName=Age Of Empire-II The Conquerors
Product Name=Age Of Empire-II The Conquerors

[Directories2]
0=d:\games
count=30
1=d:\games\Age Of Empires II -The Conquerors
2=d:\games\Age Of Empires II -The Conquerors\AI
3=d:\games\Age Of Empires II -The Conquerors\Avi
4=d:\games\Age Of Empires II -The Conquerors\Campaign
5=d:\games\Age Of Empires II -The Conquerors\Campaign\Media
6=d:\games\Age Of Empires II -The Conquerors\Data
7=d:\games\Age Of Empires II -The Conquerors\Data\Load
8=d:\games\Age Of Empires II -The Conquerors\DOCS
9=d:\games\Age Of Empires II -The Conquerors\FONTS
10=d:\games\Age Of Empires II -The Conquerors\Goodies
11=d:\games\Age Of Empires II -The Conquerors\Goodies\AISCRIPT
12=d:\games\Age Of Empires II -The Conquerors\Goodies\RMSCRIPT
13=d:\games\Age Of Empires II -The Conquerors\History
14=d:\games\Age Of Empires II -The Conquerors\Learn
15=d:\games\Age Of Empires II -The Conquerors\Random
16=d:\games\Age Of Empires II -The Conquerors\SaveGame
17=d:\games\Age Of Empires II -The Conquerors\SaveGame\Multi
18=d:\games\Age Of Empires II -The Conquerors\Scenario
19=d:\games\Age Of Empires II -The Conquerors\Sound
20=d:\games\Age Of Empires II -The Conquerors\Sound\scenario

21=d:\games\Age Of Empires II -The Conquerors\Sound\stream
22=d:\games\Age Of Empires II -The Conquerors\Sound\campaign
23=d:\games\Age Of Empires II -The Conquerors\Sound\terrain
24=d:\games\Age Of Empires II -The Conquerors\Support
25=d:\games\Age Of Empires II -The Conquerors\Taunt
26=C:\WINDOWS
27=C:\WINDOWS\Start Menu
28=C:\WINDOWS\Start Menu\Programs
29=C:\WINDOWS\Start Menu\Programs\Age Of Empire-II The Conquerors
[Files]
count=1266
0=d:\games\Age Of Empires II -The Conquerors\AI\AI.txt
1=d:\games\Age Of Empires II -The Conquerors\Avi\MSLOGO.AVI
2=d:\games\Age Of Empires II -The Conquerors\Avi\AGE2.AVI
3=d:\games\Age Of Empires II -The Conquerors\Avi\AGE2_X1.AVI
4=d:\games\Age Of Empires II -The Conquerors\Avi\ESLOGO.AVI
5=d:\games\Age Of Empires II -The Conquerors\Campaign\cam4.cpn
6=d:\games\Age Of Empires II -The Conquerors\Campaign\cam1.cpn
7=d:\games\Age Of Empires II -The Conquerors\Campaign\cam3.cpn
8=d:\games\Age Of Empires II -The Conquerors\Campaign\cam2.cpn
9=d:\games\Age Of Empires II -The Conquerors\Campaign\cam8.cpn
10=d:\games\Age Of Empires II -The Conquerors\Campaign\xcam4.cpx
11=d:\games\Age Of Empires II -The Conquerors\Campaign\xcam3.cpx
12=d:\games\Age Of Empires II -The Conquerors\Campaign\xcam1.cpx
13=d:\games\Age Of Empires II -The Conquerors\Campaign\xcam2.cpx
14=d:\games\Age Of Empires II -The Conquerors\Campaign\Media\CAM2.BLN
15=d:\games\Age Of Empires II -The Conquerors\Campaign\Media\CAM4.BLN
16=d:\games\Age Of Empires II -The Conquerors\Campaign\Media\CAM8.BLN
17=d:\games\Age Of Empires II -The Conquerors\Campaign\Media\CAM1.BLN
18=d:\games\Age Of Empires II -The Conquerors\Campaign\Media\CAM3.BLN
19=d:\games\Age Of Empires II -The Conquerors\Campaign\Media\INTRO.BLN
20=d:\games\Age Of Empires II -The Conquerors\Campaign\Media\xcam3.bln
21=d:\games\Age Of Empires II -The Conquerors\Campaign\Media\xcam4.bln
22=d:\games\Age Of Empires II -The Conquerors\Campaign\Media\xcam1.bln
23=d:\games\Age Of Empires II -The Conquerors\Campaign\Media\xcam2.bln
24=d:\games\Age Of Empires II -The Conquerors\Campaign\Media\C1S2_BEG.MM
25=d:\games\Age Of Empires II -The Conquerors\Campaign\Media\C1S3_BEG.MM
26=d:\games\Age Of Empires II -The Conquerors\Campaign\Media\C1S1_BEG.MM
27=d:\games\Age Of Empires II -The Conquerors\Campaign\Media\C1S6_END.MM
28=d:\games\Age Of Empires II -The Conquerors\Campaign\Media\C1S6_BEG.MM
29=d:\games\Age Of Empires II -The Conquerors\Campaign\Media\C1S4_END.MM
30=d:\games\Age Of Empires II -The Conquerors\Campaign\Media\C1S1_END.MM
31=d:\games\Age Of Empires II -The Conquerors\Campaign\Media\C1S4_BEG.MM
32=d:\games\Age Of Empires II -The Conquerors\Campaign\Media\C1S5_END.MM
33=d:\games\Age Of Empires II -The Conquerors\Campaign\Media\C1S3_END.MM
34=d:\games\Age Of Empires II -The Conquerors\Campaign\Media\C1S5_BEG.MM
35=d:\games\Age Of Empires II -The Conquerors\Campaign\Media\C1S2_END.MM
36=d:\games\Age Of Empires II -The Conquerors\Campaign\Media\C2S1_BEG.MM
37=d:\games\Age Of Empires II -The Conquerors\Campaign\Media\C2S6_END.MM
38=d:\games\Age Of Empires II -The Conquerors\Campaign\Media\C2S6_BEG.MM
39=d:\games\Age Of Empires II -The Conquerors\Campaign\Media\C2S3_BEG.MM
40=d:\games\Age Of Empires II -The Conquerors\Campaign\Media\C2S2_BEG.MM
41=d:\games\Age Of Empires II -The Conquerors\Campaign\Media\C2S5_BEG.MM
42=d:\games\Age Of Empires II -The Conquerors\Campaign\Media\C2S3_END.MM
43=d:\games\Age Of Empires II -The Conquerors\Campaign\Media\C2S5_END.MM
44=d:\games\Age Of Empires II -The Conquerors\Campaign\Media\C2S2_END.MM
45=d:\games\Age Of Empires II -The Conquerors\Campaign\Media\C2S1_END.MM
46=d:\games\Age Of Empires II -The Conquerors\Campaign\Media\C2S4_BEG.MM
47=d:\games\Age Of Empires II -The Conquerors\Campaign\Media\C2S4_END.MM
48=d:\games\Age Of Empires II -The Conquerors\Campaign\Media\C3S1_BEG.MM
49=d:\games\Age Of Empires II -The Conquerors\Campaign\Media\C3S5_BEG.MM
50=d:\games\Age Of Empires II -The Conquerors\Campaign\Media\C3S6_BEG.MM
51=d:\games\Age Of Empires II -The Conquerors\Campaign\Media\C3S4_BEG.MM
52=d:\games\Age Of Empires II -The Conquerors\Campaign\Media\C3S3_BEG.MM
53=d:\games\Age Of Empires II -The Conquerors\Campaign\Media\C3S4_END.MM
54=d:\games\Age Of Empires II -The Conquerors\Campaign\Media\C3S6_END.MM
55=d:\games\Age Of Empires II -The Conquerors\Campaign\Media\C3S3_END.MM
56=d:\games\Age Of Empires II -The Conquerors\Campaign\Media\C3S5_END.MM
57=d:\games\Age Of Empires II -The Conquerors\Campaign\Media\C3S2_BEG.MM
58=d:\games\Age Of Empires II -The Conquerors\Campaign\Media\C3S1_END.MM
59=d:\games\Age Of Empires II -The Conquerors\Campaign\Media\C3S2_END.MM
60=d:\games\Age Of Empires II -The Conquerors\Campaign\Media\C4S5_BEG.MM
61=d:\games\Age Of Empires II -The Conquerors\Campaign\Media\C4S3_BEG.MM
62=d:\games\Age Of Empires II -The Conquerors\Campaign\Media\C4S2_BEG.MM
63=d:\games\Age Of Empires II -The Conquerors\Campaign\Media\C4S6_END.MM
64=d:\games\Age Of Empires II -The Conquerors\Campaign\Media\C4S4_END.MM
65=d:\games\Age Of Empires II -The Conquerors\Campaign\Media\C4S1_BEG.MM
66=d:\games\Age Of Empires II -The Conquerors\Campaign\Media\C4S4_BEG.MM
67=d:\games\Age Of Empires II -The Conquerors\Campaign\Media\C4S6_BEG.MM
68=d:\games\Age Of Empires II -The Conquerors\Campaign\Media\C4S5_END.MM
69=d:\games\Age Of Empires II -The Conquerors\Campaign\Media\C4S1_END.MM
70=d:\games\Age Of Empires II -The Conquerors\Campaign\Media\C4S3_END.MM
71=d:\games\Age Of Empires II -The Conquerors\Campaign\Media\C4S2_END.MM
72=d:\games\Age Of Empires II -The Conquerors\Campaign\Media\C8S7_END.MM
73=d:\games\Age Of Empires II -The Conquerors\Campaign\Media\C8S5_END.MM
74=d:\games\Age Of Empires II -The Conquerors\Campaign\Media\C8S1_BEG.MM
75=d:\games\Age Of Empires II -The Conquerors\Campaign\Media\C8S6_END.MM
76=d:\games\Age Of Empires II -The Conquerors\Campaign\Media\C8S6_BEG.MM
77=d:\games\Age Of Empires II -The Conquerors\Campaign\Media\C8S7_BEG.MM
78=d:\games\Age Of Empires II -The Conquerors\Campaign\Media\C8S5_BEG.MM
79=d:\games\Age Of Empires II -The Conquerors\Campaign\Media\C8S2_END.MM
80=d:\games\Age Of Empires II -The Conquerors\Campaign\Media\C8S4_END.MM
81=d:\games\Age Of Empires II -The Conquerors\Campaign\Media\C8S3_BEG.MM
82=d:\games\Age Of Empires II -The Conquerors\Campaign\Media\C8S4_BEG.MM
83=d:\games\Age Of Empires II -The Conquerors\Campaign\Media\C8S2_BEG.MM
84=d:\games\Age Of Empires II -The Conquerors\Campaign\Media\C8S3_END.MM
85=d:\games\Age Of Empires II -The Conquerors\Campaign\Media\C8S1_END.MM
86=d:\games\Age Of Empires II -The Conquerors\Campaign\Media\INTRO.MM
87=d:\games\Age Of Empires II -The Conquerors\Campaign\Media\x1s6_end.mm
88=d:\games\Age Of Empires II -The Conquerors\Campaign\Media\x1s5_end.mm
89=d:\games\Age Of Empires II -The Conquerors\Campaign\Media\x1s5_beg.mm
90=d:\games\Age Of Empires II -The Conquerors\Campaign\Media\x1s1_beg.mm
91=d:\games\Age Of Empires II -The Conquerors\Campaign\Media\x1s4_end.mm
92=d:\games\Age Of Empires II -The Conquerors\Campaign\Media\x1s1_end.mm
93=d:\games\Age Of Empires II -The Conquerors\Campaign\Media\x1s2_end.mm
94=d:\games\Age Of Empires II -The Conquerors\Campaign\Media\x1s4_beg.mm
95=d:\games\Age Of Empires II -The Conquerors\Campaign\Media\x1s2_beg.mm
96=d:\games\Age Of Empires II -The Conquerors\Campaign\Media\x1s3_beg.mm
97=d:\games\Age Of Empires II -The Conquerors\Campaign\Media\x1s3_end.mm
98=d:\games\Age Of Empires II -The Conquerors\Campaign\Media\x1s6_beg.mm
99=d:\games\Age Of Empires II -The Conquerors\Campaign\Media\x2s6_beg.mm
100=d:\games\Age Of Empires II -The Conquerors\Campaign\Media\x2s1_end.mm
101=d:\games\Age Of Empires II -The Conquerors\Campaign\Media\x2s5_end.mm
102=d:\games\Age Of Empires II -The Conquerors\Campaign\Media\x2s1_beg.mm
103=d:\games\Age Of Empires II -The Conquerors\Campaign\Media\x2s6_end.mm
104=d:\games\Age Of Empires II -The Conquerors\Campaign\Media\x2s5_beg.mm
105=d:\games\Age Of Empires II -The Conquerors\Campaign\Media\x2s4_beg.mm
106=d:\games\Age Of Empires II -The Conquerors\Campaign\Media\x2s3_end.mm
107=d:\games\Age Of Empires II -The Conquerors\Campaign\Media\x2s2_beg.mm
108=d:\games\Age Of Empires II -The Conquerors\Campaign\Media\x2s3_beg.mm
109=d:\games\Age Of Empires II -The Conquerors\Campaign\Media\x2s4_end.mm
110=d:\games\Age Of Empires II -The Conquerors\Campaign\Media\x2s2_end.mm
111=d:\games\Age Of Empires II -The Conquerors\Campaign\Media\x3s1_beg.mm
112=d:\games\Age Of Empires II -The Conquerors\Campaign\Media\x3s3_end.mm
113=d:\games\Age Of Empires II -The Conquerors\Campaign\Media\x3s1_end.mm
114=d:\games\Age Of Empires II -The Conquerors\Campaign\Media\x3s3_beg.mm
115=d:\games\Age Of Empires II -The Conquerors\Campaign\Media\x3s4_beg.mm
116=d:\games\Age Of Empires II -The Conquerors\Campaign\Media\x3s2_beg.mm
117=d:\games\Age Of Empires II -The Conquerors\Campaign\Media\x3s6_beg.mm
118=d:\games\Age Of Empires II -The Conquerors\Campaign\Media\x3s2_end.mm
119=d:\games\Age Of Empires II -The Conquerors\Campaign\Media\x3s5_end.mm
120=d:\games\Age Of Empires II -The Conquerors\Campaign\Media\x3s4_end.mm
121=d:\games\Age Of Empires II -The Conquerors\Campaign\Media\x3s6_end.mm
122=d:\games\Age Of Empires II -The Conquerors\Campaign\Media\x3s5_beg.mm
123=d:\games\Age Of Empires II -The Conquerors\Campaign\Media\x4s5_beg.mm
124=d:\games\Age Of Empires II -The Conquerors\Campaign\Media\x4s3_end.mm
125=d:\games\Age Of Empires II -The Conquerors\Campaign\Media\x4s3_beg.mm
126=d:\games\Age Of Empires II -The Conquerors\Campaign\Media\x4s6_beg.mm
127=d:\games\Age Of Empires II -The Conquerors\Campaign\Media\x4s1_beg.mm
128=d:\games\Age Of Empires II -The Conquerors\Campaign\Media\x4s4_end.mm
129=d:\games\Age Of Empires II -The Conquerors\Campaign\Media\x4s4_beg.mm
130=d:\games\Age Of Empires II -The Conquerors\Campaign\Media\x4s7_beg.mm
131=d:\games\Age Of Empires II -The Conquerors\Campaign\Media\x4s6_end.mm
132=d:\games\Age Of Empires II -The Conquerors\Campaign\Media\x4s1_end.mm
133=d:\games\Age Of Empires II -The Conquerors\Campaign\Media\x4s2_beg.mm
134=d:\games\Age Of Empires II -The Conquerors\Campaign\Media\x4s8_beg.mm
135=d:\games\Age Of Empires II -The Conquerors\Campaign\Media\x4s5_end.mm
136=d:\games\Age Of Empires II -The Conquerors\Campaign\Media\x4s2_end.mm
137=d:\games\Age Of Empires II -The Conquerors\Campaign\Media\x4s8_end.mm
138=d:\games\Age Of Empires II -The Conquerors\Campaign\Media\x4s7_end.mm
139=d:\games\Age Of Empires II -The Conquerors\Campaign\Media\BACKGRD1.PAL
140=d:\games\Age Of Empires II -The Conquerors\Campaign\Media\BACKGRD4.PAL
141=d:\games\Age Of Empires II -The Conquerors\Campaign\Media\BACKGRD2.PAL
142=d:\games\Age Of Empires II -The Conquerors\Campaign\Media\BACKGRD3.PAL
143=d:\games\Age Of Empires II -The Conquerors\Campaign\Media\BACKGRD8.PAL
144=d:\games\Age Of Empires II -The Conquerors\Campaign\Media\INTRO.PAL
145=d:\games\Age Of Empires II -The Conquerors\Campaign\Media\xackgrd2.pal
146=d:\games\Age Of Empires II -The Conquerors\Campaign\Media\xackgrd4.pal
147=d:\games\Age Of Empires II -The Conquerors\Campaign\Media\xackgrd3.pal
148=d:\games\Age Of Empires II -The Conquerors\Campaign\Media\xackgrd1.pal
149=d:\games\Age Of Empires II -The Conquerors\Campaign\Media\BACKGRD3.SIN
150=d:\games\Age Of Empires II -The Conquerors\Campaign\Media\BACKGRD2.SIN
151=d:\games\Age Of Empires II -The Conquerors\Campaign\Media\BACKGRD4.SIN
152=d:\games\Age Of Empires II -The Conquerors\Campaign\Media\BACKGRD1.SIN
153=d:\games\Age Of Empires II -The Conquerors\Campaign\Media\BACKGRD8.SIN
154=d:\games\Age Of Empires II -The Conquerors\Campaign\Media\INTRO.SIN
155=d:\games\Age Of Empires II -The Conquerors\Campaign\Media\xackgrd3.sin
156=d:\games\Age Of Empires II -The Conquerors\Campaign\Media\xackgrd2.sin
157=d:\games\Age Of Empires II -The Conquerors\Campaign\Media\xackgrd1.sin
158=d:\games\Age Of Empires II -The Conquerors\Campaign\Media\xackgrd4.sin
159=d:\games\Age Of Empires II -The Conquerors\Campaign\Media\BACKGRD4.SLP
160=d:\games\Age Of Empires II -The Conquerors\Campaign\Media\BACKGRD2.SLP
161=d:\games\Age Of Empires II -The Conquerors\Campaign\Media\BACKGRD8.SLP
162=d:\games\Age Of Empires II -The Conquerors\Campaign\Media\BACKGRD3.SLP
163=d:\games\Age Of Empires II -The Conquerors\Campaign\Media\BACKGRD1.SLP
164=d:\games\Age Of Empires II -The Conquerors\Campaign\Media\BACKGRD.SLP
165=d:\games\Age Of Empires II -The Conquerors\Campaign\Media\C1S2_BEG.SLP
166=d:\games\Age Of Empires II -The Conquerors\Campaign\Media\C1S3_BEG.SLP
167=d:\games\Age Of Empires II -The Conquerors\Campaign\Media\C1S1_BEG.SLP
168=d:\games\Age Of Empires II -The Conquerors\Campaign\Media\C1S4_END.SLP
169=d:\games\Age Of Empires II -The Conquerors\Campaign\Media\C1S6_BEG.SLP
170=d:\games\Age Of Empires II -The Conquerors\Campaign\Media\C1S6_END.SLP
171=d:\games\Age Of Empires II -The Conquerors\Campaign\Media\C1S5_END.SLP
172=d:\games\Age Of Empires II -The Conquerors\Campaign\Media\C1S4_BEG.SLP
173=d:\games\Age Of Empires II -The Conquerors\Campaign\Media\C1S3_END.SLP
174=d:\games\Age Of Empires II -The Conquerors\Campaign\Media\C1S1_END.SLP
175=d:\games\Age Of Empires II -The Conquerors\Campaign\Media\C1S2_END.SLP
176=d:\games\Age Of Empires II -The Conquerors\Campaign\Media\C1S5_BEG.SLP
177=d:\games\Age Of Empires II -The Conquerors\Campaign\Media\C2S6_BEG.SLP
178=d:\games\Age Of Empires II -The Conquerors\Campaign\Media\C2S1_BEG.SLP
179=d:\games\Age Of Empires II -The Conquerors\Campaign\Media\C2S3_BEG.SLP
180=d:\games\Age Of Empires II -The Conquerors\Campaign\Media\C2S6_END.SLP
181=d:\games\Age Of Empires II -The Conquerors\Campaign\Media\C2S5_BEG.SLP
182=d:\games\Age Of Empires II -The Conquerors\Campaign\Media\C2S1_END.SLP
183=d:\games\Age Of Empires II -The Conquerors\Campaign\Media\C2S2_END.SLP
184=d:\games\Age Of Empires II -The Conquerors\Campaign\Media\C2S5_END.SLP
185=d:\games\Age Of Empires II -The Conquerors\Campaign\Media\C2S3_END.SLP
186=d:\games\Age Of Empires II -The Conquerors\Campaign\Media\C2S2_BEG.SLP
187=d:\games\Age Of Empires II -The Conquerors\Campaign\Media\C2S4_BEG.SLP
188=d:\games\Age Of Empires II -The Conquerors\Campaign\Media\C2S4_END.SLP
189=d:\games\Age Of Empires II -The Conquerors\Campaign\Media\C3S1_BEG.SLP
190=d:\games\Age Of Empires II -The Conquerors\Campaign\Media\C3S5_BEG.SLP
191=d:\games\Age Of Empires II -The Conquerors\Campaign\Media\C3S4_BEG.SLP
192=d:\games\Age Of Empires II -The Conquerors\Campaign\Media\C3S6_BEG.SLP
193=d:\games\Age Of Empires II -The Conquerors\Campaign\Media\C3S6_END.SLP
194=d:\games\Age Of Empires II -The Conquerors\Campaign\Media\C3S2_END.SLP
195=d:\games\Age Of Empires II -The Conquerors\Campaign\Media\C3S4_END.SLP
196=d:\games\Age Of Empires II -The Conquerors\Campaign\Media\C3S3_BEG.SLP
197=d:\games\Age Of Empires II -The Conquerors\Campaign\Media\C3S1_END.SLP
198=d:\games\Age Of Empires II -The Conquerors\Campaign\Media\C3S3_END.SLP
199=d:\games\Age Of Empires II -The Conquerors\Campaign\Media\C3S2_BEG.SLP
200=d:\games\Age Of Empires II -The Conquerors\Campaign\Media\C3S5_END.SLP
201=d:\games\Age Of Empires II -The Conquerors\Campaign\Media\C4S5_BEG.SLP
202=d:\games\Age Of Empires II -The Conquerors\Campaign\Media\C4S2_BEG.SLP
203=d:\games\Age Of Empires II -The Conquerors\Campaign\Media\C4S3_BEG.SLP
204=d:\games\Age Of Empires II -The Conquerors\Campaign\Media\C4S6_END.SLP
205=d:\games\Age Of Empires II -The Conquerors\Campaign\Media\C4S6_BEG.SLP
206=d:\games\Age Of Empires II -The Conquerors\Campaign\Media\C4S4_END.SLP
207=d:\games\Age Of Empires II -The Conquerors\Campaign\Media\C4S1_BEG.SLP
208=d:\games\Age Of Empires II -The Conquerors\Campaign\Media\C4S3_END.SLP
209=d:\games\Age Of Empires II -The Conquerors\Campaign\Media\C4S4_BEG.SLP
210=d:\games\Age Of Empires II -The Conquerors\Campaign\Media\C4S2_END.SLP
211=d:\games\Age Of Empires II -The Conquerors\Campaign\Media\C4S5_END.SLP
212=d:\games\Age Of Empires II -The Conquerors\Campaign\Media\C4S1_END.SLP
213=d:\games\Age Of Empires II -The Conquerors\Campaign\Media\C8S7_END.SLP
214=d:\games\Age Of Empires II -The Conquerors\Campaign\Media\C8S5_END.SLP
215=d:\games\Age Of Empires II -The Conquerors\Campaign\Media\C8S5_BEG.SLP
216=d:\games\Age Of Empires II -The Conquerors\Campaign\Media\C8S1_BEG.SLP
217=d:\games\Age Of Empires II -The Conquerors\Campaign\Media\C8S6_END.SLP
218=d:\games\Age Of Empires II -The Conquerors\Campaign\Media\C8S6_BEG.SLP
219=d:\games\Age Of Empires II -The Conquerors\Campaign\Media\C8S7_BEG.SLP
220=d:\games\Age Of Empires II -The Conquerors\Campaign\Media\C8S1_END.SLP
221=d:\games\Age Of Empires II -The Conquerors\Campaign\Media\C8S3_END.SLP
222=d:\games\Age Of Empires II -The Conquerors\Campaign\Media\C8S4_END.SLP
223=d:\games\Age Of Empires II -The Conquerors\Campaign\Media\C8S3_BEG.SLP
224=d:\games\Age Of Empires II -The Conquerors\Campaign\Media\C8S2_END.SLP
225=d:\games\Age Of Empires II -The Conquerors\Campaign\Media\C8S2_BEG.SLP
226=d:\games\Age Of Empires II -The Conquerors\Campaign\Media\C8S4_BEG.SLP
227=d:\games\Age Of Empires II -The Conquerors\Campaign\Media\INTRO.SLP
228=d:\games\Age Of Empires II -The Conquerors\Campaign\Media\INTROBKG.SLP
229=d:\games\Age Of Empires II -The Conquerors\Campaign\Media\x1s6_end.SLP
230=d:\games\Age Of Empires II -The Conquerors\Campaign\Media\x1s5_beg.SLP
231=d:\games\Age Of Empires II -The Conquerors\Campaign\Media\x1s1_beg.slp
232=d:\games\Age Of Empires II -The Conquerors\Campaign\Media\x1s4_end.SLP
233=d:\games\Age Of Empires II -The Conquerors\Campaign\Media\x1s5_end.SLP
234=d:\games\Age Of Empires II -The Conquerors\Campaign\Media\x1s2_beg.SLP
235=d:\games\Age Of Empires II -The Conquerors\Campaign\Media\x1s2_end.SLP
236=d:\games\Age Of Empires II -The Conquerors\Campaign\Media\x1s4_beg.SLP
237=d:\games\Age Of Empires II -The Conquerors\Campaign\Media\x1s1_end.slp
238=d:\games\Age Of Empires II -The Conquerors\Campaign\Media\x1s3_beg.SLP
239=d:\games\Age Of Empires II -The Conquerors\Campaign\Media\x1s6_beg.SLP
240=d:\games\Age Of Empires II -The Conquerors\Campaign\Media\x1s3_end.SLP
241=d:\games\Age Of Empires II -The Conquerors\Campaign\Media\x2s6_beg.SLP
242=d:\games\Age Of Empires II -The Conquerors\Campaign\Media\x2s1_beg.SLP
243=d:\games\Age Of Empires II -The Conquerors\Campaign\Media\x2s4_beg.SLP
244=d:\games\Age Of Empires II -The Conquerors\Campaign\Media\x2s6_end.SLP
245=d:\games\Age Of Empires II -The Conquerors\Campaign\Media\x2s5_beg.slp
246=d:\games\Age Of Empires II -The Conquerors\Campaign\Media\x2s1_end.SLP
247=d:\games\Age Of Empires II -The Conquerors\Campaign\Media\x2s2_beg.SLP
248=d:\games\Age Of Empires II -The Conquerors\Campaign\Media\x2s3_beg.SLP
249=d:\games\Age Of Empires II -The Conquerors\Campaign\Media\x2s5_end.slp
250=d:\games\Age Of Empires II -The Conquerors\Campaign\Media\x2s3_end.SLP
251=d:\games\Age Of Empires II -The Conquerors\Campaign\Media\x2s4_end.SLP
252=d:\games\Age Of Empires II -The Conquerors\Campaign\Media\x2s2_end.SLP
253=d:\games\Age Of Empires II -The Conquerors\Campaign\Media\x3s1_bEG.slp
254=d:\games\Age Of Empires II -The Conquerors\Campaign\Media\x3s2_beg.SLP
255=d:\games\Age Of Empires II -The Conquerors\Campaign\Media\x3s4_beg.SLP
256=d:\games\Age Of Empires II -The Conquerors\Campaign\Media\x3s1_end.SLP
257=d:\games\Age Of Empires II -The Conquerors\Campaign\Media\x3s3_beg.SLP
258=d:\games\Age Of Empires II -The Conquerors\Campaign\Media\x3s3_end.SLP
259=d:\games\Age Of Empires II -The Conquerors\Campaign\Media\x3s6_end.SLP
260=d:\games\Age Of Empires II -The Conquerors\Campaign\Media\x3s2_end.SLP
261=d:\games\Age Of Empires II -The Conquerors\Campaign\Media\x3s6_beg.SLP
262=d:\games\Age Of Empires II -The Conquerors\Campaign\Media\x3s4_end.SLP
263=d:\games\Age Of Empires II -The Conquerors\Campaign\Media\x3s5_beg.SLP
264=d:\games\Age Of Empires II -The Conquerors\Campaign\Media\x3s5_end.SLP
265=d:\games\Age Of Empires II -The Conquerors\Campaign\Media\x4s2_beg.SLP
266=d:\games\Age Of Empires II -The Conquerors\Campaign\Media\x4s5_end.SLP
267=d:\games\Age Of Empires II -The Conquerors\Campaign\Media\x4s8_beg.SLP
268=d:\games\Age Of Empires II -The Conquerors\Campaign\Media\x4s5_beg.SLP
269=d:\games\Age Of Empires II -The Conquerors\Campaign\Media\x4s2_end.SLP
270=d:\games\Age Of Empires II -The Conquerors\Campaign\Media\x4s6_beg.SLP
271=d:\games\Age Of Empires II -The Conquerors\Campaign\Media\x4s7_end.SLP
272=d:\games\Age Of Empires II -The Conquerors\Campaign\Media\x4s3_beg.SLP
273=d:\games\Age Of Empires II -The Conquerors\Campaign\Media\x4s1_end.SLP
274=d:\games\Age Of Empires II -The Conquerors\Campaign\Media\x4s1_beg.SLP
275=d:\games\Age Of Empires II -The Conquerors\Campaign\Media\x4s4_beg.SLP
276=d:\games\Age Of Empires II -The Conquerors\Campaign\Media\x4s8_end.SLP
277=d:\games\Age Of Empires II -The Conquerors\Campaign\Media\x4s4_end.SLP
278=d:\games\Age Of Empires II -The Conquerors\Campaign\Media\x4s7_beg.SLP
279=d:\games\Age Of Empires II -The Conquerors\Campaign\Media\x4s3_end.SLP
280=d:\games\Age Of Empires II -The Conquerors\Campaign\Media\x4s6_end.SLP
281=d:\games\Age Of Empires II -The Conquerors\Campaign\Media\xackgrd2.slp
282=d:\games\Age Of Empires II -The Conquerors\Campaign\Media\xackgrd1.slp
283=d:\games\Age Of Empires II -The Conquerors\Campaign\Media\xackgrd4.slp
284=d:\games\Age Of Empires II -The Conquerors\Campaign\Media\xackgrd3.SLP
285=d:\games\Age Of Empires II -The Conquerors\Data\shadow.col
286=d:\games\Age Of Empires II -The Conquerors\Data\list.cr
287=d:\games\Age Of Empires II -The Conquerors\Data\list.crx
288=d:\games\Age Of Empires II -The Conquerors\Data\blendomatic.dat
289=d:\games\Age Of Empires II -The Conquerors\Data\BlkEdge.Dat
290=d:\games\Age Of Empires II -The Conquerors\Data\empires2_x1.dat
291=d:\games\Age Of Empires II -The Conquerors\Data\empires2.dat
292=d:\games\Age Of Empires II -The Conquerors\Data\FilterMaps.dat
293=d:\games\Age Of Empires II -The Conquerors\Data\lightMaps.dat
294=d:\games\Age Of Empires II -The Conquerors\Data\LoQMaps.dat
295=d:\games\Age Of Empires II -The Conquerors\Data\PatternMasks.dat
296=d:\games\Age Of Empires II -The Conquerors\Data\STemplet.dat
297=d:\games\Age Of Empires II -The Conquerors\Data\TileEdge.Dat
298=d:\games\Age Of Empires II -The Conquerors\Data\view_icm.dat
299=d:\games\Age Of Empires II -The Conquerors\Data\gamedata_x1.drs
300=d:\games\Age Of Empires II -The Conquerors\Data\gamedata.drs
301=d:\games\Age Of Empires II -The Conquerors\Data\graphics.drs
302=d:\games\Age Of Empires II -The Conquerors\Data\interfac.drs
303=d:\games\Age Of Empires II -The Conquerors\Data\sounds.drs
304=d:\games\Age Of Empires II -The Conquerors\Data\sounds_x1.drs
305=d:\games\Age Of Empires II -The Conquerors\Data\terrain.drs
306=d:\games\Age Of Empires II -The Conquerors\Data\Load\Load.txt
307=d:\games\Age Of Empires II -The Conquerors\Data\closedpw.exe
308=d:\games\Age Of Empires II -The Conquerors\DOCS\CPSB.DOC
309=d:\games\Age Of Empires II -The Conquerors\DOCS\RMSG.DOC
310=d:\games\Age Of Empires II -The Conquerors\DOCS\MANUAL.PDF
311=d:\games\Age Of Empires II -The Conquerors\DOCS\TECHTREE.PDF
312=d:\games\Age Of Empires II -The Conquerors\Goodies\AISCRIPT\SAMPLEAI.AI
313=d:\games\Age Of Empires II -The Conquerors\Goodies\AISCRIPT\SAMPLEAI.PER
314=d:\games\Age Of Empires II -The Conquerors\Goodies\RMSCRIPT\HALLOWED.RMS
315=d:\games\Age Of Empires II -The Conquerors\Goodies\RMSCRIPT\TRADERTS.RMS
316=d:\games\Age Of Empires II -The Conquerors\History\ArmiesTactics.txt
317=d:\games\Age Of Empires II -The Conquerors\History\ArmiesOrg.txt
318=d:\games\Age Of Empires II -The Conquerors\History\ArmiesMongols.txt
319=d:\games\Age Of Empires II -The Conquerors\History\ArmiesStrat.txt
320=d:\games\Age Of Empires II -The Conquerors\History\Armies.txt
321=d:\games\Age Of Empires II -The Conquerors\History\Aztecs.txt
322=d:\games\Age Of Empires II -The Conquerors\History\barbarianinvaders.txt
323=d:\games\Age Of Empires II -The Conquerors\History\british test.txt
324=d:\games\Age Of Empires II -The Conquerors\History\british.txt
325=d:\games\Age Of Empires II -The Conquerors\History\Castles.txt
326=d:\games\Age Of Empires II -The Conquerors\History\british regular.txt
327=d:\games\Age Of Empires II -The Conquerors\History\British original.txt
328=d:\games\Age Of Empires II -The Conquerors\History\Byzantines.txt
329=d:\games\Age Of Empires II -The Conquerors\History\CastleSiege.txt
330=d:\games\Age Of Empires II -The Conquerors\History\CastleDefenses.txt
331=d:\games\Age Of Empires II -The Conquerors\History\CastleEvolution.txt
332=d:\games\Age Of Empires II -The Conquerors\History\Celts.txt
333=d:\games\Age Of Empires II -The Conquerors\History\Chinese.txt
334=d:\games\Age Of Empires II -The Conquerors\History\charlemagne.txt
335=d:\games\Age Of Empires II -The Conquerors\History\DarkArmies.txt
336=d:\games\Age Of Empires II -The Conquerors\History\darkagereligion.txt
337=d:\games\Age Of Empires II -The Conquerors\History\darkages.txt
338=d:\games\Age Of Empires II -The Conquerors\History\economy.txt
339=d:\games\Age Of Empires II -The Conquerors\History\feudalismdecline.txt
340=d:\games\Age Of Empires II -The Conquerors\History\feudalcontract.txt
341=d:\games\Age Of Empires II -The Conquerors\History\feudalism.txt
342=d:\games\Age Of Empires II -The Conquerors\History\Franks.txt
343=d:\games\Age Of Empires II -The Conquerors\History\Goths.txt
344=d:\games\Age Of Empires II -The Conquerors\History\Gunpowder.txt
345=d:\games\Age Of Empires II -The Conquerors\History\history.txt
346=d:\games\Age Of Empires II -The Conquerors\History\Huns.txt
347=d:\games\Age Of Empires II -The Conquerors\History\Japanese.txt
348=d:\games\Age Of Empires II -The Conquerors\History\Knights.txt
349=d:\games\Age Of Empires II -The Conquerors\History\Koreans.txt
350=d:\games\Age Of Empires II -The Conquerors\History\latemiddleages.txt
351=d:\games\Age Of Empires II -The Conquerors\History\Mayans.txt
352=d:\games\Age Of Empires II -The Conquerors\History\middleages.txt
353=d:\games\Age Of Empires II -The Conquerors\History\Mongols.txt
354=d:\games\Age Of Empires II -The Conquerors\History\Naval.txt
355=d:\games\Age Of Empires II -The Conquerors\History\Persians.txt
356=d:\games\Age Of Empires II -The Conquerors\History\politics.txt
357=d:\games\Age Of Empires II -The Conquerors\History\renaissance.txt
358=d:\games\Age Of Empires II -The Conquerors\History\religion.txt
359=d:\games\Age Of Empires II -The Conquerors\History\Saracens.txt
360=d:\games\Age Of Empires II -The Conquerors\History\Spanish.txt
361=d:\games\Age Of Empires II -The Conquerors\History\Teutons.txt
362=d:\games\Age Of Empires II -The Conquerors\History\technology.txt
363=d:\games\Age Of Empires II -The Conquerors\History\thecrusades.txt
364=d:\games\Age Of Empires II -The Conquerors\History\thefallofrome.txt
365=d:\games\Age Of Empires II -The Conquerors\History\thevikings.txt
366=d:\games\Age Of Empires II -The Conquerors\History\themanor.txt
367=d:\games\Age Of Empires II -The Conquerors\History\Turks.txt
368=d:\games\Age Of Empires II -The Conquerors\History\Vikings.txt
369=d:\games\Age Of Empires II -The Conquerors\History\Warfare.txt
370=d:\games\Age Of Empires II -The Conquerors\History\WeaponsCav.txt
371=d:\games\Age Of Empires II -The Conquerors\History\WeaponsMissile.txt
372=d:\games\Age Of Empires II -The Conquerors\History\WeaponsHand.txt
373=d:\games\Age Of Empires II -The Conquerors\History\Weapons.txt
374=d:\games\Age Of Empires II -The Conquerors\Learn\Learn.txt
375=d:\games\Age Of Empires II -The Conquerors\Learn\SNap.uh
376=d:\games\Age Of Empires II -The Conquerors\Learn\WolfPack.uh
377=d:\games\Age Of Empires II -The Conquerors\Random\Random.txt
378=d:\games\Age Of Empires II -The Conquerors\SaveGame\SaveGame.txt
379=d:\games\Age Of Empires II -The Conquerors\SaveGame\Multi\Multi.txt
380=d:\games\Age Of Empires II -The Conquerors\Scenario\scenario.inf
381=d:\games\Age Of Empires II -The Conquerors\Sound\scenario\a1v.mp3
382=d:\games\Age Of Empires II -The Conquerors\Sound\scenario\a1u.mp3
383=d:\games\Age Of Empires II -The Conquerors\Sound\scenario\a1z.mp3
384=d:\games\Age Of Empires II -The Conquerors\Sound\scenario\a1s.mp3
385=d:\games\Age Of Empires II -The Conquerors\Sound\scenario\a1ac.mp3
386=d:\games\Age Of Empires II -The Conquerors\Sound\scenario\a1xa.mp3
387=d:\games\Age Of Empires II -The Conquerors\Sound\scenario\a1w.mp3
388=d:\games\Age Of Empires II -The Conquerors\Sound\scenario\a1h.mp3
389=d:\games\Age Of Empires II -The Conquerors\Sound\scenario\a1l.mp3
390=d:\games\Age Of Empires II -The Conquerors\Sound\scenario\a1b.mp3
391=d:\games\Age Of Empires II -The Conquerors\Sound\scenario\a1i.mp3
392=d:\games\Age Of Empires II -The Conquerors\Sound\scenario\a1t.mp3
393=d:\games\Age Of Empires II -The Conquerors\Sound\scenario\a1m.mp3
394=d:\games\Age Of Empires II -The Conquerors\Sound\scenario\a1d.mp3
395=d:\games\Age Of Empires II -The Conquerors\Sound\scenario\a1af.mp3
396=d:\games\Age Of Empires II -The Conquerors\Sound\scenario\a1x.mp3
397=d:\games\Age Of Empires II -The Conquerors\Sound\scenario\a1r.mp3
398=d:\games\Age Of Empires II -The Conquerors\Sound\scenario\a1ae.mp3
399=d:\games\Age Of Empires II -The Conquerors\Sound\scenario\a1ab.mp3
400=d:\games\Age Of Empires II -The Conquerors\Sound\scenario\A1AA.mp3
401=d:\games\Age Of Empires II -The Conquerors\Sound\scenario\a1o.mp3
402=d:\games\Age Of Empires II -The Conquerors\Sound\scenario\a1e.mp3
403=d:\games\Age Of Empires II -The Conquerors\Sound\scenario\a1a.mp3
404=d:\games\Age Of Empires II -The Conquerors\Sound\scenario\a1p.mp3
405=d:\games\Age Of Empires II -The Conquerors\Sound\scenario\a1ag.mp3
406=d:\games\Age Of Empires II -The Conquerors\Sound\scenario\a1y.mp3
407=d:\games\Age Of Empires II -The Conquerors\Sound\scenario\a1n.mp3
408=d:\games\Age Of Empires II -The Conquerors\Sound\scenario\a1f.mp3
409=d:\games\Age Of Empires II -The Conquerors\Sound\scenario\a1k.mp3
410=d:\games\Age Of Empires II -The Conquerors\Sound\scenario\a1q.mp3
411=d:\games\Age Of Empires II -The Conquerors\Sound\scenario\a1j.mp3
412=d:\games\Age Of Empires II -The Conquerors\Sound\scenario\a1c.mp3
413=d:\games\Age Of Empires II -The Conquerors\Sound\scenario\a1ad.mp3
414=d:\games\Age Of Empires II -The Conquerors\Sound\scenario\a1g.mp3
415=d:\games\Age Of Empires II -The Conquerors\Sound\scenario\a1ah.mp3
416=d:\games\Age Of Empires II -The Conquerors\Sound\scenario\a2j.mp3
417=d:\games\Age Of Empires II -The Conquerors\Sound\scenario\a2c.mp3
418=d:\games\Age Of Empires II -The Conquerors\Sound\scenario\a2f.mp3
419=d:\games\Age Of Empires II -The Conquerors\Sound\scenario\a2n.mp3
420=d:\games\Age Of Empires II -The Conquerors\Sound\scenario\a2o.mp3
421=d:\games\Age Of Empires II -The Conquerors\Sound\scenario\a2l.mp3
422=d:\games\Age Of Empires II -The Conquerors\Sound\scenario\a2a.mp3
423=d:\games\Age Of Empires II -The Conquerors\Sound\scenario\a2p.mp3
424=d:\games\Age Of Empires II -The Conquerors\Sound\scenario\a2h.mp3
425=d:\games\Age Of Empires II -The Conquerors\Sound\scenario\a2m.mp3
426=d:\games\Age Of Empires II -The Conquerors\Sound\scenario\a2d.mp3
427=d:\games\Age Of Empires II -The Conquerors\Sound\scenario\a2g.mp3
428=d:\games\Age Of Empires II -The Conquerors\Sound\scenario\a2s.mp3
429=d:\games\Age Of Empires II -The Conquerors\Sound\scenario\a2r.mp3
430=d:\games\Age Of Empires II -The Conquerors\Sound\scenario\a2q.mp3
431=d:\games\Age Of Empires II -The Conquerors\Sound\scenario\a2b.mp3
432=d:\games\Age Of Empires II -The Conquerors\Sound\scenario\a2e.mp3
433=d:\games\Age Of Empires II -The Conquerors\Sound\scenario\a2k.mp3
434=d:\games\Age Of Empires II -The Conquerors\Sound\scenario\a2i.mp3
435=d:\games\Age Of Empires II -The Conquerors\Sound\scenario\a3n.mp3
436=d:\games\Age Of Empires II -The Conquerors\Sound\scenario\a3m.mp3
437=d:\games\Age Of Empires II -The Conquerors\Sound\scenario\a3h.mp3
438=d:\games\Age Of Empires II -The Conquerors\Sound\scenario\a3o.mp3
439=d:\games\Age Of Empires II -The Conquerors\Sound\scenario\a3g.mp3
440=d:\games\Age Of Empires II -The Conquerors\Sound\scenario\a3p.mp3
441=d:\games\Age Of Empires II -The Conquerors\Sound\scenario\a3j.mp3
442=d:\games\Age Of Empires II -The Conquerors\Sound\scenario\a3e.mp3
443=d:\games\Age Of Empires II -The Conquerors\Sound\scenario\a3a.mp3
444=d:\games\Age Of Empires II -The Conquerors\Sound\scenario\a3c.mp3
445=d:\games\Age Of Empires II -The Conquerors\Sound\scenario\a3b.mp3
446=d:\games\Age Of Empires II -The Conquerors\Sound\scenario\a3l.mp3
447=d:\games\Age Of Empires II -The Conquerors\Sound\scenario\a3d.mp3
448=d:\games\Age Of Empires II -The Conquerors\Sound\scenario\a3k.mp3
449=d:\games\Age Of Empires II -The Conquerors\Sound\scenario\a3i.mp3
450=d:\games\Age Of Empires II -The Conquerors\Sound\scenario\a3f.mp3
451=d:\games\Age Of Empires II -The Conquerors\Sound\scenario\a4c.mp3
452=d:\games\Age Of Empires II -The Conquerors\Sound\scenario\a4e.mp3
453=d:\games\Age Of Empires II -The Conquerors\Sound\scenario\a4f.mp3
454=d:\games\Age Of Empires II -The Conquerors\Sound\scenario\a4b.mp3
455=d:\games\Age Of Empires II -The Conquerors\Sound\scenario\a4d.mp3
456=d:\games\Age Of Empires II -The Conquerors\Sound\scenario\a4a.mp3
457=d:\games\Age Of Empires II -The Conquerors\Sound\scenario\a5a.mp3
458=d:\games\Age Of Empires II -The Conquerors\Sound\scenario\a5c.mp3
459=d:\games\Age Of Empires II -The Conquerors\Sound\scenario\a5d.mp3
460=d:\games\Age Of Empires II -The Conquerors\Sound\scenario\a5b.mp3
461=d:\games\Age Of Empires II -The Conquerors\Sound\scenario\a6a.mp3
462=d:\games\Age Of Empires II -The Conquerors\Sound\scenario\a6b.mp3
463=d:\games\Age Of Empires II -The Conquerors\Sound\scenario\Age Up.mp3
464=d:\games\Age Of Empires II -The Conquerors\Sound\scenario\b1b.mp3
465=d:\games\Age Of Empires II -The Conquerors\Sound\scenario\b1a.mp3
466=d:\games\Age Of Empires II -The Conquerors\Sound\scenario\b1c.mp3
467=d:\games\Age Of Empires II -The Conquerors\Sound\scenario\b1d.mp3
468=d:\games\Age Of Empires II -The Conquerors\Sound\scenario\b2c.mp3
469=d:\games\Age Of Empires II -The Conquerors\Sound\scenario\b2b.mp3
470=d:\games\Age Of Empires II -The Conquerors\Sound\scenario\b2a.mp3
471=d:\games\Age Of Empires II -The Conquerors\Sound\scenario\b3e.mp3
472=d:\games\Age Of Empires II -The Conquerors\Sound\scenario\b3d.mp3
473=d:\games\Age Of Empires II -The Conquerors\Sound\scenario\b3a.mp3
474=d:\games\Age Of Empires II -The Conquerors\Sound\scenario\b3aa.mp3
475=d:\games\Age Of Empires II -The Conquerors\Sound\scenario\b3c.mp3
476=d:\games\Age Of Empires II -The Conquerors\Sound\scenario\b3b.mp3
477=d:\games\Age Of Empires II -The Conquerors\Sound\scenario\b4f.mp3
478=d:\games\Age Of Empires II -The Conquerors\Sound\scenario\b4e.mp3
479=d:\games\Age Of Empires II -The Conquerors\Sound\scenario\b4d.mp3
480=d:\games\Age Of Empires II -The Conquerors\Sound\scenario\b4c.mp3
481=d:\games\Age Of Empires II -The Conquerors\Sound\scenario\b4b.mp3
482=d:\games\Age Of Empires II -The Conquerors\Sound\scenario\b5c.mp3
483=d:\games\Age Of Empires II -The Conquerors\Sound\scenario\b5b.mp3
484=d:\games\Age Of Empires II -The Conquerors\Sound\scenario\b5n.mp3
485=d:\games\Age Of Empires II -The Conquerors\Sound\scenario\b5d.mp3
486=d:\games\Age Of Empires II -The Conquerors\Sound\scenario\b5k.mp3
487=d:\games\Age Of Empires II -The Conquerors\Sound\scenario\b5f.mp3
488=d:\games\Age Of Empires II -The Conquerors\Sound\scenario\b5g.mp3
489=d:\games\Age Of Empires II -The Conquerors\Sound\scenario\b5a.mp3
490=d:\games\Age Of Empires II -The Conquerors\Sound\scenario\b5e.mp3
491=d:\games\Age Of Empires II -The Conquerors\Sound\scenario\b5o.mp3
492=d:\games\Age Of Empires II -The Conquerors\Sound\scenario\b5p.mp3
493=d:\games\Age Of Empires II -The Conquerors\Sound\scenario\b5q.mp3
494=d:\games\Age Of Empires II -The Conquerors\Sound\scenario\b5l.mp3
495=d:\games\Age Of Empires II -The Conquerors\Sound\scenario\b5j.mp3
496=d:\games\Age Of Empires II -The Conquerors\Sound\scenario\b5i.mp3
497=d:\games\Age Of Empires II -The Conquerors\Sound\scenario\b5h.mp3
498=d:\games\Age Of Empires II -The Conquerors\Sound\scenario\b5m.mp3
499=d:\games\Age Of Empires II -The Conquerors\Sound\scenario\b6b.mp3
500=d:\games\Age Of Empires II -The Conquerors\Sound\scenario\b6a.mp3
501=d:\games\Age Of Empires II -The Conquerors\Sound\scenario\b6c.mp3
502=d:\games\Age Of Empires II -The Conquerors\Sound\scenario\b6g.mp3
503=d:\games\Age Of Empires II -The Conquerors\Sound\scenario\b6d.mp3
504=d:\games\Age Of Empires II -The Conquerors\Sound\scenario\b6j.mp3
505=d:\games\Age Of Empires II -The Conquerors\Sound\scenario\b6l.mp3
506=d:\games\Age Of Empires II -The Conquerors\Sound\scenario\b6k.mp3
507=d:\games\Age Of Empires II -The Conquerors\Sound\scenario\b6n.mp3
508=d:\games\Age Of Empires II -The Conquerors\Sound\scenario\b6i.mp3
509=d:\games\Age Of Empires II -The Conquerors\Sound\scenario\b6m.mp3
510=d:\games\Age Of Empires II -The Conquerors\Sound\scenario\b6h.mp3
511=d:\games\Age Of Empires II -The Conquerors\Sound\scenario\b6f.mp3
512=d:\games\Age Of Empires II -The Conquerors\Sound\scenario\b6e.mp3
513=d:\games\Age Of Empires II -The Conquerors\Sound\scenario\c1d.mp3
514=d:\games\Age Of Empires II -The Conquerors\Sound\scenario\c1c.mp3
515=d:\games\Age Of Empires II -The Conquerors\Sound\scenario\c1a.mp3
516=d:\games\Age Of Empires II -The Conquerors\Sound\scenario\c1b.mp3
517=d:\games\Age Of Empires II -The Conquerors\Sound\scenario\c1e.mp3
518=d:\games\Age Of Empires II -The Conquerors\Sound\scenario\c2e.mp3
519=d:\games\Age Of Empires II -The Conquerors\Sound\scenario\c2h.mp3
520=d:\games\Age Of Empires II -The Conquerors\Sound\scenario\c2a.mp3
521=d:\games\Age Of Empires II -The Conquerors\Sound\scenario\c2c.mp3
522=d:\games\Age Of Empires II -The Conquerors\Sound\scenario\c2i.mp3
523=d:\games\Age Of Empires II -The Conquerors\Sound\scenario\c2b.mp3
524=d:\games\Age Of Empires II -The Conquerors\Sound\scenario\c2f.mp3
525=d:\games\Age Of Empires II -The Conquerors\Sound\scenario\c2j.mp3
526=d:\games\Age Of Empires II -The Conquerors\Sound\scenario\c2d.mp3
527=d:\games\Age Of Empires II -The Conquerors\Sound\scenario\c2l.mp3
528=d:\games\Age Of Empires II -The Conquerors\Sound\scenario\c2g.mp3
529=d:\games\Age Of Empires II -The Conquerors\Sound\scenario\c2k.mp3
530=d:\games\Age Of Empires II -The Conquerors\Sound\scenario\c3b.mp3
531=d:\games\Age Of Empires II -The Conquerors\Sound\scenario\c3f.mp3
532=d:\games\Age Of Empires II -The Conquerors\Sound\scenario\c3a.mp3
533=d:\games\Age Of Empires II -The Conquerors\Sound\scenario\c3g.mp3
534=d:\games\Age Of Empires II -The Conquerors\Sound\scenario\c3d.mp3
535=d:\games\Age Of Empires II -The Conquerors\Sound\scenario\c3e.mp3
536=d:\games\Age Of Empires II -The Conquerors\Sound\scenario\c3h.mp3
537=d:\games\Age Of Empires II -The Conquerors\Sound\scenario\c3c.mp3
538=d:\games\Age Of Empires II -The Conquerors\Sound\scenario\c4ja.mp3
539=d:\games\Age Of Empires II -The Conquerors\Sound\scenario\c4a.mp3
540=d:\games\Age Of Empires II -The Conquerors\Sound\scenario\c4d.mp3
541=d:\games\Age Of Empires II -The Conquerors\Sound\scenario\c4g.mp3
542=d:\games\Age Of Empires II -The Conquerors\Sound\scenario\c4b.mp3
543=d:\games\Age Of Empires II -The Conquerors\Sound\scenario\c4f.mp3
544=d:\games\Age Of Empires II -The Conquerors\Sound\scenario\c4e.mp3
545=d:\games\Age Of Empires II -The Conquerors\Sound\scenario\c4h.mp3
546=d:\games\Age Of Empires II -The Conquerors\Sound\scenario\c4k.mp3
547=d:\games\Age Of Empires II -The Conquerors\Sound\scenario\c4i.mp3
548=d:\games\Age Of Empires II -The Conquerors\Sound\scenario\c4c.mp3
549=d:\games\Age Of Empires II -The Conquerors\Sound\scenario\c4j.mp3
550=d:\games\Age Of Empires II -The Conquerors\Sound\scenario\c5ca.mp3
551=d:\games\Age Of Empires II -The Conquerors\Sound\scenario\c5f.mp3
552=d:\games\Age Of Empires II -The Conquerors\Sound\scenario\c5da.mp3
553=d:\games\Age Of Empires II -The Conquerors\Sound\scenario\c5h.mp3
554=d:\games\Age Of Empires II -The Conquerors\Sound\scenario\c5d.mp3
555=d:\games\Age Of Empires II -The Conquerors\Sound\scenario\c5k.mp3
556=d:\games\Age Of Empires II -The Conquerors\Sound\scenario\c5c.mp3
557=d:\games\Age Of Empires II -The Conquerors\Sound\scenario\c5i.mp3
558=d:\games\Age Of Empires II -The Conquerors\Sound\scenario\c5g.mp3
559=d:\games\Age Of Empires II -The Conquerors\Sound\scenario\c5j.mp3
560=d:\games\Age Of Empires II -The Conquerors\Sound\scenario\c5p.mp3
561=d:\games\Age Of Empires II -The Conquerors\Sound\scenario\c5o.mp3
562=d:\games\Age Of Empires II -The Conquerors\Sound\scenario\c5n.mp3
563=d:\games\Age Of Empires II -The Conquerors\Sound\scenario\c5r.mp3
564=d:\games\Age Of Empires II -The Conquerors\Sound\scenario\c5a.mp3
565=d:\games\Age Of Empires II -The Conquerors\Sound\scenario\c5q.mp3
566=d:\games\Age Of Empires II -The Conquerors\Sound\scenario\c5m.mp3
567=d:\games\Age Of Empires II -The Conquerors\Sound\scenario\c5b.mp3
568=d:\games\Age Of Empires II -The Conquerors\Sound\scenario\c5e.mp3
569=d:\games\Age Of Empires II -The Conquerors\Sound\scenario\c5l.mp3
570=d:\games\Age Of Empires II -The Conquerors\Sound\scenario\c6i.mp3
571=d:\games\Age Of Empires II -The Conquerors\Sound\scenario\c6a.mp3
572=d:\games\Age Of Empires II -The Conquerors\Sound\scenario\c6h.mp3
573=d:\games\Age Of Empires II -The Conquerors\Sound\scenario\c6d.mp3
574=d:\games\Age Of Empires II -The Conquerors\Sound\scenario\c6f.mp3
575=d:\games\Age Of Empires II -The Conquerors\Sound\scenario\c6g.mp3
576=d:\games\Age Of Empires II -The Conquerors\Sound\scenario\c6e.mp3
577=d:\games\Age Of Empires II -The Conquerors\Sound\scenario\c6c.mp3
578=d:\games\Age Of Empires II -The Conquerors\Sound\scenario\c6b.mp3
579=d:\games\Age Of Empires II -The Conquerors\Sound\scenario\c7h.mp3
580=d:\games\Age Of Empires II -The Conquerors\Sound\scenario\c7g.mp3
581=d:\games\Age Of Empires II -The Conquerors\Sound\scenario\c7d.mp3
582=d:\games\Age Of Empires II -The Conquerors\Sound\scenario\c7f.mp3
583=d:\games\Age Of Empires II -The Conquerors\Sound\scenario\c7b.mp3
584=d:\games\Age Of Empires II -The Conquerors\Sound\scenario\c7e.mp3
585=d:\games\Age Of Empires II -The Conquerors\Sound\scenario\c7a.mp3
586=d:\games\Age Of Empires II -The Conquerors\Sound\scenario\c7c.mp3
587=d:\games\Age Of Empires II -The Conquerors\Sound\scenario\c8b.mp3
588=d:\games\Age Of Empires II -The Conquerors\Sound\scenario\c8d.mp3
589=d:\games\Age Of Empires II -The Conquerors\Sound\scenario\c8c.mp3
590=d:\games\Age Of Empires II -The Conquerors\Sound\scenario\c8a.mp3
591=d:\games\Age Of Empires II -The Conquerors\Sound\scenario\c8e.mp3
592=d:\games\Age Of Empires II -The Conquerors\Sound\scenario\d1c.mp3
593=d:\games\Age Of Empires II -The Conquerors\Sound\scenario\d1a.mp3
594=d:\games\Age Of Empires II -The Conquerors\Sound\scenario\d1b.mp3
595=d:\games\Age Of Empires II -The Conquerors\Sound\scenario\e1n.mp3
596=d:\games\Age Of Empires II -The Conquerors\Sound\scenario\e1l.mp3
597=d:\games\Age Of Empires II -The Conquerors\Sound\scenario\e1p.mp3
598=d:\games\Age Of Empires II -The Conquerors\Sound\scenario\e1e.mp3
599=d:\games\Age Of Empires II -The Conquerors\Sound\scenario\e1w.mp3
600=d:\games\Age Of Empires II -The Conquerors\Sound\scenario\e1b.mp3
601=d:\games\Age Of Empires II -The Conquerors\Sound\scenario\e1u.mp3
602=d:\games\Age Of Empires II -The Conquerors\Sound\scenario\e1t.mp3
603=d:\games\Age Of Empires II -The Conquerors\Sound\scenario\e1s.mp3
604=d:\games\Age Of Empires II -The Conquerors\Sound\scenario\e1j.mp3
605=d:\games\Age Of Empires II -The Conquerors\Sound\scenario\e1x.mp3
606=d:\games\Age Of Empires II -The Conquerors\Sound\scenario\e1ua.mp3
607=d:\games\Age Of Empires II -The Conquerors\Sound\scenario\e1f.mp3
608=d:\games\Age Of Empires II -The Conquerors\Sound\scenario\e1q.mp3
609=d:\games\Age Of Empires II -The Conquerors\Sound\scenario\e1aa.mp3
610=d:\games\Age Of Empires II -The Conquerors\Sound\scenario\e1h.mp3
611=d:\games\Age Of Empires II -The Conquerors\Sound\scenario\e1g.mp3
612=d:\games\Age Of Empires II -The Conquerors\Sound\scenario\e1a.mp3
613=d:\games\Age Of Empires II -The Conquerors\Sound\scenario\e1k.mp3
614=d:\games\Age Of Empires II -The Conquerors\Sound\scenario\E1Y.mp3
615=d:\games\Age Of Empires II -The Conquerors\Sound\scenario\e1v.mp3
616=d:\games\Age Of Empires II -The Conquerors\Sound\scenario\e1d.mp3
617=d:\games\Age Of Empires II -The Conquerors\Sound\scenario\e1r.mp3
618=d:\games\Age Of Empires II -The Conquerors\Sound\scenario\e1z.mp3
619=d:\games\Age Of Empires II -The Conquerors\Sound\scenario\e1c.mp3
620=d:\games\Age Of Empires II -The Conquerors\Sound\scenario\E1o.mp3
621=d:\games\Age Of Empires II -The Conquerors\Sound\scenario\e2d.mp3
622=d:\games\Age Of Empires II -The Conquerors\Sound\scenario\e2c.mp3
623=d:\games\Age Of Empires II -The Conquerors\Sound\scenario\e2b.mp3
624=d:\games\Age Of Empires II -The Conquerors\Sound\scenario\e2e.mp3
625=d:\games\Age Of Empires II -The Conquerors\Sound\scenario\e2f.mp3
626=d:\games\Age Of Empires II -The Conquerors\Sound\scenario\e2a.mp3
627=d:\games\Age Of Empires II -The Conquerors\Sound\scenario\e2h.mp3
628=d:\games\Age Of Empires II -The Conquerors\Sound\scenario\e2g.mp3
629=d:\games\Age Of Empires II -The Conquerors\Sound\scenario\e3h.mp3
630=d:\games\Age Of Empires II -The Conquerors\Sound\scenario\e3j.mp3
631=d:\games\Age Of Empires II -The Conquerors\Sound\scenario\e3d.mp3
632=d:\games\Age Of Empires II -The Conquerors\Sound\scenario\e3e.mp3
633=d:\games\Age Of Empires II -The Conquerors\Sound\scenario\e3a.mp3
634=d:\games\Age Of Empires II -The Conquerors\Sound\scenario\e3l.mp3
635=d:\games\Age Of Empires II -The Conquerors\Sound\scenario\e3b.mp3
636=d:\games\Age Of Empires II -The Conquerors\Sound\scenario\e3i.mp3
637=d:\games\Age Of Empires II -The Conquerors\Sound\scenario\e3g.mp3
638=d:\games\Age Of Empires II -The Conquerors\Sound\scenario\e3c.mp3
639=d:\games\Age Of Empires II -The Conquerors\Sound\scenario\e3f.mp3
640=d:\games\Age Of Empires II -The Conquerors\Sound\scenario\e3m.mp3
641=d:\games\Age Of Empires II -The Conquerors\Sound\scenario\e3k.mp3
642=d:\games\Age Of Empires II -The Conquerors\Sound\scenario\e4j.mp3
643=d:\games\Age Of Empires II -The Conquerors\Sound\scenario\e4k.mp3
644=d:\games\Age Of Empires II -The Conquerors\Sound\scenario\e4o.mp3
645=d:\games\Age Of Empires II -The Conquerors\Sound\scenario\e4h.mp3
646=d:\games\Age Of Empires II -The Conquerors\Sound\scenario\e4i.mp3
647=d:\games\Age Of Empires II -The Conquerors\Sound\scenario\e4p.mp3
648=d:\games\Age Of Empires II -The Conquerors\Sound\scenario\e4d.mp3
649=d:\games\Age Of Empires II -The Conquerors\Sound\scenario\e4y.mp3
650=d:\games\Age Of Empires II -The Conquerors\Sound\scenario\e4s.mp3
651=d:\games\Age Of Empires II -The Conquerors\Sound\scenario\e4x.mp3
652=d:\games\Age Of Empires II -The Conquerors\Sound\scenario\e4u.mp3
653=d:\games\Age Of Empires II -The Conquerors\Sound\scenario\e4e.mp3
654=d:\games\Age Of Empires II -The Conquerors\Sound\scenario\e4l.mp3
655=d:\games\Age Of Empires II -The Conquerors\Sound\scenario\e4n.mp3
656=d:\games\Age Of Empires II -The Conquerors\Sound\scenario\e4w.mp3
657=d:\games\Age Of Empires II -The Conquerors\Sound\scenario\e4r.mp3
658=d:\games\Age Of Empires II -The Conquerors\Sound\scenario\e4v.mp3
659=d:\games\Age Of Empires II -The Conquerors\Sound\scenario\e4a.mp3
660=d:\games\Age Of Empires II -The Conquerors\Sound\scenario\e4m.mp3
661=d:\games\Age Of Empires II -The Conquerors\Sound\scenario\e4t.mp3
662=d:\games\Age Of Empires II -The Conquerors\Sound\scenario\e4q.mp3
663=d:\games\Age Of Empires II -The Conquerors\Sound\scenario\e4c.mp3
664=d:\games\Age Of Empires II -The Conquerors\Sound\scenario\e4g.mp3
665=d:\games\Age Of Empires II -The Conquerors\Sound\scenario\e4b.mp3
666=d:\games\Age Of Empires II -The Conquerors\Sound\scenario\e4f.mp3
667=d:\games\Age Of Empires II -The Conquerors\Sound\scenario\e5b.mp3
668=d:\games\Age Of Empires II -The Conquerors\Sound\scenario\e5g.mp3
669=d:\games\Age Of Empires II -The Conquerors\Sound\scenario\e5c.mp3
670=d:\games\Age Of Empires II -The Conquerors\Sound\scenario\e5j.mp3
671=d:\games\Age Of Empires II -The Conquerors\Sound\scenario\e5f.mp3
672=d:\games\Age Of Empires II -The Conquerors\Sound\scenario\e5a.mp3
673=d:\games\Age Of Empires II -The Conquerors\Sound\scenario\e5e.mp3
674=d:\games\Age Of Empires II -The Conquerors\Sound\scenario\e5d.mp3
675=d:\games\Age Of Empires II -The Conquerors\Sound\scenario\e5h.mp3
676=d:\games\Age Of Empires II -The Conquerors\Sound\scenario\e5l.mp3
677=d:\games\Age Of Empires II -The Conquerors\Sound\scenario\e5k.mp3
678=d:\games\Age Of Empires II -The Conquerors\Sound\scenario\e5i.mp3
679=d:\games\Age Of Empires II -The Conquerors\Sound\scenario\e6b.mp3
680=d:\games\Age Of Empires II -The Conquerors\Sound\scenario\e6a.mp3
681=d:\games\Age Of Empires II -The Conquerors\Sound\scenario\g1h.mp3
682=d:\games\Age Of Empires II -The Conquerors\Sound\scenario\g1j.mp3
683=d:\games\Age Of Empires II -The Conquerors\Sound\scenario\g1m.mp3
684=d:\games\Age Of Empires II -The Conquerors\Sound\scenario\g1l.mp3
685=d:\games\Age Of Empires II -The Conquerors\Sound\scenario\g1b.mp3
686=d:\games\Age Of Empires II -The Conquerors\Sound\scenario\g1a.mp3
687=d:\games\Age Of Empires II -The Conquerors\Sound\scenario\g1i.mp3
688=d:\games\Age Of Empires II -The Conquerors\Sound\scenario\g1f.mp3
689=d:\games\Age Of Empires II -The Conquerors\Sound\scenario\g1c.mp3
690=d:\games\Age Of Empires II -The Conquerors\Sound\scenario\g1d.mp3
691=d:\games\Age Of Empires II -The Conquerors\Sound\scenario\g1k.mp3
692=d:\games\Age Of Empires II -The Conquerors\Sound\scenario\g1g.mp3
693=d:\games\Age Of Empires II -The Conquerors\Sound\scenario\g1lold.mp3
694=d:\games\Age Of Empires II -The Conquerors\Sound\scenario\g1e.mp3
695=d:\games\Age Of Empires II -The Conquerors\Sound\scenario\g2f.mp3
696=d:\games\Age Of Empires II -The Conquerors\Sound\scenario\g2h.mp3
697=d:\games\Age Of Empires II -The Conquerors\Sound\scenario\g2d.mp3
698=d:\games\Age Of Empires II -The Conquerors\Sound\scenario\g2e.mp3
699=d:\games\Age Of Empires II -The Conquerors\Sound\scenario\g2g.mp3
700=d:\games\Age Of Empires II -The Conquerors\Sound\scenario\g2c.mp3
701=d:\games\Age Of Empires II -The Conquerors\Sound\scenario\g2b.mp3
702=d:\games\Age Of Empires II -The Conquerors\Sound\scenario\g2a.mp3
703=d:\games\Age Of Empires II -The Conquerors\Sound\scenario\g3b.mp3
704=d:\games\Age Of Empires II -The Conquerors\Sound\scenario\g3c.mp3
705=d:\games\Age Of Empires II -The Conquerors\Sound\scenario\g3d.mp3
706=d:\games\Age Of Empires II -The Conquerors\Sound\scenario\g3a.mp3
707=d:\games\Age Of Empires II -The Conquerors\Sound\scenario\g3e.mp3
708=d:\games\Age Of Empires II -The Conquerors\Sound\scenario\g4b.mp3
709=d:\games\Age Of Empires II -The Conquerors\Sound\scenario\g4e.mp3
710=d:\games\Age Of Empires II -The Conquerors\Sound\scenario\g4c.mp3
711=d:\games\Age Of Empires II -The Conquerors\Sound\scenario\g4j.mp3
712=d:\games\Age Of Empires II -The Conquerors\Sound\scenario\g4f.mp3
713=d:\games\Age Of Empires II -The Conquerors\Sound\scenario\g4i.mp3
714=d:\games\Age Of Empires II -The Conquerors\Sound\scenario\g4h.mp3
715=d:\games\Age Of Empires II -The Conquerors\Sound\scenario\g4d.mp3
716=d:\games\Age Of Empires II -The Conquerors\Sound\scenario\g4a.mp3
717=d:\games\Age Of Empires II -The Conquerors\Sound\scenario\g4g.mp3
718=d:\games\Age Of Empires II -The Conquerors\Sound\scenario\g5a.mp3
719=d:\games\Age Of Empires II -The Conquerors\Sound\scenario\g5b.mp3
720=d:\games\Age Of Empires II -The Conquerors\Sound\scenario\g5h.mp3
721=d:\games\Age Of Empires II -The Conquerors\Sound\scenario\g5j.mp3
722=d:\games\Age Of Empires II -The Conquerors\Sound\scenario\g5g.mp3
723=d:\games\Age Of Empires II -The Conquerors\Sound\scenario\g5d.mp3
724=d:\games\Age Of Empires II -The Conquerors\Sound\scenario\g5i.mp3
725=d:\games\Age Of Empires II -The Conquerors\Sound\scenario\g5f.mp3
726=d:\games\Age Of Empires II -The Conquerors\Sound\scenario\g5e.mp3
727=d:\games\Age Of Empires II -The Conquerors\Sound\scenario\g5c.mp3
728=d:\games\Age Of Empires II -The Conquerors\Sound\scenario\g6a.mp3
729=d:\games\Age Of Empires II -The Conquerors\Sound\scenario\g6h.mp3
730=d:\games\Age Of Empires II -The Conquerors\Sound\scenario\g6g.mp3
731=d:\games\Age Of Empires II -The Conquerors\Sound\scenario\g6d.mp3
732=d:\games\Age Of Empires II -The Conquerors\Sound\scenario\g6e.mp3
733=d:\games\Age Of Empires II -The Conquerors\Sound\scenario\g6c.mp3
734=d:\games\Age Of Empires II -The Conquerors\Sound\scenario\g6b.mp3
735=d:\games\Age Of Empires II -The Conquerors\Sound\scenario\g6f.mp3
736=d:\games\Age Of Empires II -The Conquerors\Sound\scenario\g6i.mp3
737=d:\games\Age Of Empires II -The Conquerors\Sound\scenario\j1p.mp3
738=d:\games\Age Of Empires II -The Conquerors\Sound\scenario\j1y.mp3
739=d:\games\Age Of Empires II -The Conquerors\Sound\scenario\j1d.mp3
740=d:\games\Age Of Empires II -The Conquerors\Sound\scenario\j1o.mp3
741=d:\games\Age Of Empires II -The Conquerors\Sound\scenario\j1u.mp3
742=d:\games\Age Of Empires II -The Conquerors\Sound\scenario\j1e.mp3
743=d:\games\Age Of Empires II -The Conquerors\Sound\scenario\j1t.mp3
744=d:\games\Age Of Empires II -The Conquerors\Sound\scenario\j1b.mp3
745=d:\games\Age Of Empires II -The Conquerors\Sound\scenario\j1j.mp3
746=d:\games\Age Of Empires II -The Conquerors\Sound\scenario\j1c.mp3
747=d:\games\Age Of Empires II -The Conquerors\Sound\scenario\j1q.mp3
748=d:\games\Age Of Empires II -The Conquerors\Sound\scenario\j1r.mp3
749=d:\games\Age Of Empires II -The Conquerors\Sound\scenario\j1x.mp3
750=d:\games\Age Of Empires II -The Conquerors\Sound\scenario\j1a.mp3
751=d:\games\Age Of Empires II -The Conquerors\Sound\scenario\j1n.mp3
752=d:\games\Age Of Empires II -The Conquerors\Sound\scenario\j1v.mp3
753=d:\games\Age Of Empires II -The Conquerors\Sound\scenario\j1w.mp3
754=d:\games\Age Of Empires II -The Conquerors\Sound\scenario\j1m.mp3
755=d:\games\Age Of Empires II -The Conquerors\Sound\scenario\j1l.mp3
756=d:\games\Age Of Empires II -The Conquerors\Sound\scenario\j1i.mp3
757=d:\games\Age Of Empires II -The Conquerors\Sound\scenario\j1z.mp3
758=d:\games\Age Of Empires II -The Conquerors\Sound\scenario\j1h.mp3
759=d:\games\Age Of Empires II -The Conquerors\Sound\scenario\j1f.mp3
760=d:\games\Age Of Empires II -The Conquerors\Sound\scenario\j1k.mp3
761=d:\games\Age Of Empires II -The Conquerors\Sound\scenario\j1g.mp3
762=d:\games\Age Of Empires II -The Conquerors\Sound\scenario\j2k.mp3
763=d:\games\Age Of Empires II -The Conquerors\Sound\scenario\j2a.mp3
764=d:\games\Age Of Empires II -The Conquerors\Sound\scenario\j2j.mp3
765=d:\games\Age Of Empires II -The Conquerors\Sound\scenario\j2o.mp3
766=d:\games\Age Of Empires II -The Conquerors\Sound\scenario\j2e.mp3
767=d:\games\Age Of Empires II -The Conquerors\Sound\scenario\j2d.mp3
768=d:\games\Age Of Empires II -The Conquerors\Sound\scenario\j2n.mp3
769=d:\games\Age Of Empires II -The Conquerors\Sound\scenario\j2h.mp3
770=d:\games\Age Of Empires II -The Conquerors\Sound\scenario\j2c.mp3
771=d:\games\Age Of Empires II -The Conquerors\Sound\scenario\j2i.mp3
772=d:\games\Age Of Empires II -The Conquerors\Sound\scenario\j2m.mp3
773=d:\games\Age Of Empires II -The Conquerors\Sound\scenario\j2b.mp3
774=d:\games\Age Of Empires II -The Conquerors\Sound\scenario\j2l.mp3
775=d:\games\Age Of Empires II -The Conquerors\Sound\scenario\j2f.mp3
776=d:\games\Age Of Empires II -The Conquerors\Sound\scenario\j2g.mp3
777=d:\games\Age Of Empires II -The Conquerors\Sound\scenario\j3d.mp3
778=d:\games\Age Of Empires II -The Conquerors\Sound\scenario\j3a.mp3
779=d:\games\Age Of Empires II -The Conquerors\Sound\scenario\j3f.mp3
780=d:\games\Age Of Empires II -The Conquerors\Sound\scenario\j3c.mp3
781=d:\games\Age Of Empires II -The Conquerors\Sound\scenario\j3n.mp3
782=d:\games\Age Of Empires II -The Conquerors\Sound\scenario\j3m.mp3
783=d:\games\Age Of Empires II -The Conquerors\Sound\scenario\j3h.mp3
784=d:\games\Age Of Empires II -The Conquerors\Sound\scenario\j3i.mp3
785=d:\games\Age Of Empires II -The Conquerors\Sound\scenario\j3p.mp3
786=d:\games\Age Of Empires II -The Conquerors\Sound\scenario\j3b.mp3
787=d:\games\Age Of Empires II -The Conquerors\Sound\scenario\j3o.mp3
788=d:\games\Age Of Empires II -The Conquerors\Sound\scenario\j3j.mp3
789=d:\games\Age Of Empires II -The Conquerors\Sound\scenario\j3e.mp3
790=d:\games\Age Of Empires II -The Conquerors\Sound\scenario\j3g.mp3
791=d:\games\Age Of Empires II -The Conquerors\Sound\scenario\j3l.mp3
792=d:\games\Age Of Empires II -The Conquerors\Sound\scenario\j3k.mp3
793=d:\games\Age Of Empires II -The Conquerors\Sound\scenario\j4j.mp3
794=d:\games\Age Of Empires II -The Conquerors\Sound\scenario\j4c2.mp3
795=d:\games\Age Of Empires II -The Conquerors\Sound\scenario\j4e.mp3
796=d:\games\Age Of Empires II -The Conquerors\Sound\scenario\j4a.mp3
797=d:\games\Age Of Empires II -The Conquerors\Sound\scenario\j4d.mp3
798=d:\games\Age Of Empires II -The Conquerors\Sound\scenario\j4h.mp3
799=d:\games\Age Of Empires II -The Conquerors\Sound\scenario\j4i.mp3
800=d:\games\Age Of Empires II -The Conquerors\Sound\scenario\j4c.mp3
801=d:\games\Age Of Empires II -The Conquerors\Sound\scenario\j4b.mp3
802=d:\games\Age Of Empires II -The Conquerors\Sound\scenario\j4f.mp3
803=d:\games\Age Of Empires II -The Conquerors\Sound\scenario\j5d.mp3
804=d:\games\Age Of Empires II -The Conquerors\Sound\scenario\j5e.mp3
805=d:\games\Age Of Empires II -The Conquerors\Sound\scenario\j5k.mp3
806=d:\games\Age Of Empires II -The Conquerors\Sound\scenario\j5i.mp3
807=d:\games\Age Of Empires II -The Conquerors\Sound\scenario\j5h.mp3
808=d:\games\Age Of Empires II -The Conquerors\Sound\scenario\j5a.mp3
809=d:\games\Age Of Empires II -The Conquerors\Sound\scenario\j5l.mp3
810=d:\games\Age Of Empires II -The Conquerors\Sound\scenario\j5g.mp3
811=d:\games\Age Of Empires II -The Conquerors\Sound\scenario\j5b.mp3
812=d:\games\Age Of Empires II -The Conquerors\Sound\scenario\j5f.mp3
813=d:\games\Age Of Empires II -The Conquerors\Sound\scenario\j5j.mp3
814=d:\games\Age Of Empires II -The Conquerors\Sound\scenario\j5c.mp3
815=d:\games\Age Of Empires II -The Conquerors\Sound\scenario\j6m.mp3
816=d:\games\Age Of Empires II -The Conquerors\Sound\scenario\j6n.mp3
817=d:\games\Age Of Empires II -The Conquerors\Sound\scenario\j6l.mp3
818=d:\games\Age Of Empires II -The Conquerors\Sound\scenario\j6c.mp3
819=d:\games\Age Of Empires II -The Conquerors\Sound\scenario\j6g.mp3
820=d:\games\Age Of Empires II -The Conquerors\Sound\scenario\j6d.mp3
821=d:\games\Age Of Empires II -The Conquerors\Sound\scenario\j6q.mp3
822=d:\games\Age Of Empires II -The Conquerors\Sound\scenario\j6a.mp3
823=d:\games\Age Of Empires II -The Conquerors\Sound\scenario\j6i.mp3
824=d:\games\Age Of Empires II -The Conquerors\Sound\scenario\j6a2.mp3
825=d:\games\Age Of Empires II -The Conquerors\Sound\scenario\j6o.mp3
826=d:\games\Age Of Empires II -The Conquerors\Sound\scenario\j6b.mp3
827=d:\games\Age Of Empires II -The Conquerors\Sound\scenario\j6j.mp3
828=d:\games\Age Of Empires II -The Conquerors\Sound\scenario\j6f.mp3
829=d:\games\Age Of Empires II -The Conquerors\Sound\scenario\j6k.mp3
830=d:\games\Age Of Empires II -The Conquerors\Sound\scenario\j6e.mp3
831=d:\games\Age Of Empires II -The Conquerors\Sound\scenario\m1c.mp3
832=d:\games\Age Of Empires II -The Conquerors\Sound\scenario\m1b.mp3
833=d:\games\Age Of Empires II -The Conquerors\Sound\scenario\m1a.mp3
834=d:\games\Age Of Empires II -The Conquerors\Sound\scenario\m2k.mp3
835=d:\games\Age Of Empires II -The Conquerors\Sound\scenario\m2h.mp3
836=d:\games\Age Of Empires II -The Conquerors\Sound\scenario\m2c.mp3
837=d:\games\Age Of Empires II -The Conquerors\Sound\scenario\m2i.mp3
838=d:\games\Age Of Empires II -The Conquerors\Sound\scenario\m2b.mp3
839=d:\games\Age Of Empires II -The Conquerors\Sound\scenario\m2e.mp3
840=d:\games\Age Of Empires II -The Conquerors\Sound\scenario\m2q.mp3
841=d:\games\Age Of Empires II -The Conquerors\Sound\scenario\m2l.mp3
842=d:\games\Age Of Empires II -The Conquerors\Sound\scenario\m2p.mp3
843=d:\games\Age Of Empires II -The Conquerors\Sound\scenario\m2g.mp3
844=d:\games\Age Of Empires II -The Conquerors\Sound\scenario\m2n.mp3
845=d:\games\Age Of Empires II -The Conquerors\Sound\scenario\m2a.mp3
846=d:\games\Age Of Empires II -The Conquerors\Sound\scenario\m2o.mp3
847=d:\games\Age Of Empires II -The Conquerors\Sound\scenario\m2d.mp3
848=d:\games\Age Of Empires II -The Conquerors\Sound\scenario\m2m.mp3
849=d:\games\Age Of Empires II -The Conquerors\Sound\scenario\m2j.mp3
850=d:\games\Age Of Empires II -The Conquerors\Sound\scenario\m2f.mp3
851=d:\games\Age Of Empires II -The Conquerors\Sound\scenario\m3c.mp3
852=d:\games\Age Of Empires II -The Conquerors\Sound\scenario\m3j.mp3
853=d:\games\Age Of Empires II -The Conquerors\Sound\scenario\m3h.mp3
854=d:\games\Age Of Empires II -The Conquerors\Sound\scenario\m3i.mp3
855=d:\games\Age Of Empires II -The Conquerors\Sound\scenario\m3d.mp3
856=d:\games\Age Of Empires II -The Conquerors\Sound\scenario\m3a.mp3
857=d:\games\Age Of Empires II -The Conquerors\Sound\scenario\m3e.mp3
858=d:\games\Age Of Empires II -The Conquerors\Sound\scenario\m3f.mp3
859=d:\games\Age Of Empires II -The Conquerors\Sound\scenario\m3g.mp3
860=d:\games\Age Of Empires II -The Conquerors\Sound\scenario\m3b.mp3
861=d:\games\Age Of Empires II -The Conquerors\Sound\scenario\m4a.mp3
862=d:\games\Age Of Empires II -The Conquerors\Sound\scenario\m4h.mp3
863=d:\games\Age Of Empires II -The Conquerors\Sound\scenario\M4B.mp3
864=d:\games\Age Of Empires II -The Conquerors\Sound\scenario\m4e.mp3
865=d:\games\Age Of Empires II -The Conquerors\Sound\scenario\m4g.mp3
866=d:\games\Age Of Empires II -The Conquerors\Sound\scenario\m4d.mp3
867=d:\games\Age Of Empires II -The Conquerors\Sound\scenario\m4k.mp3
868=d:\games\Age Of Empires II -The Conquerors\Sound\scenario\M4C.mp3
869=d:\games\Age Of Empires II -The Conquerors\Sound\scenario\m4i.mp3
870=d:\games\Age Of Empires II -The Conquerors\Sound\scenario\m4j.mp3
871=d:\games\Age Of Empires II -The Conquerors\Sound\scenario\m4f.mp3

872=d:\games\Age Of Empires II -The Conquerors\Sound\scenario\m4m.mp3
873=d:\games\Age Of Empires II -The Conquerors\Sound\scenario\m5d.mp3
874=d:\games\Age Of Empires II -The Conquerors\Sound\scenario\m5c.mp3
875=d:\games\Age Of Empires II -The Conquerors\Sound\scenario\m5g.mp3
876=d:\games\Age Of Empires II -The Conquerors\Sound\scenario\m5f.mp3
877=d:\games\Age Of Empires II -The Conquerors\Sound\scenario\m5a.mp3
878=d:\games\Age Of Empires II -The Conquerors\Sound\scenario\m5e.mp3
879=d:\games\Age Of Empires II -The Conquerors\Sound\scenario\m5h.mp3
880=d:\games\Age Of Empires II -The Conquerors\Sound\scenario\m5b.mp3
881=d:\games\Age Of Empires II -The Conquerors\Sound\scenario\m6d.mp3
882=d:\games\Age Of Empires II -The Conquerors\Sound\scenario\m6f.mp3
883=d:\games\Age Of Empires II -The Conquerors\Sound\scenario\m6c.mp3
884=d:\games\Age Of Empires II -The Conquerors\Sound\scenario\m6e.mp3
885=d:\games\Age Of Empires II -The Conquerors\Sound\scenario\m6b.mp3
886=d:\games\Age Of Empires II -The Conquerors\Sound\scenario\m6a.mp3
887=d:\games\Age Of Empires II -The Conquerors\Sound\scenario\mc6.mp3
888=d:\games\Age Of Empires II -The Conquerors\Sound\scenario\S1a.mp3
889=d:\games\Age Of Empires II -The Conquerors\Sound\scenario\s1e.mp3
890=d:\games\Age Of Empires II -The Conquerors\Sound\scenario\s1d.mp3
891=d:\games\Age Of Empires II -The Conquerors\Sound\scenario\s1c.mp3
892=d:\games\Age Of Empires II -The Conquerors\Sound\scenario\s1f.mp3
893=d:\games\Age Of Empires II -The Conquerors\Sound\scenario\s1j.mp3
894=d:\games\Age Of Empires II -The Conquerors\Sound\scenario\s1h.mp3
895=d:\games\Age Of Empires II -The Conquerors\Sound\scenario\s1b.mp3
896=d:\games\Age Of Empires II -The Conquerors\Sound\scenario\s1i.mp3
897=d:\games\Age Of Empires II -The Conquerors\Sound\scenario\s1g.mp3
898=d:\games\Age Of Empires II -The Conquerors\Sound\scenario\s2a.mp3
899=d:\games\Age Of Empires II -The Conquerors\Sound\scenario\s2b.mp3
900=d:\games\Age Of Empires II -The Conquerors\Sound\scenario\s2e.mp3
901=d:\games\Age Of Empires II -The Conquerors\Sound\scenario\s2f.mp3
902=d:\games\Age Of Empires II -The Conquerors\Sound\scenario\s2g.mp3
903=d:\games\Age Of Empires II -The Conquerors\Sound\scenario\s2l.mp3
904=d:\games\Age Of Empires II -The Conquerors\Sound\scenario\s2d.mp3
905=d:\games\Age Of Empires II -The Conquerors\Sound\scenario\s2c.mp3
906=d:\games\Age Of Empires II -The Conquerors\Sound\scenario\s2i.mp3
907=d:\games\Age Of Empires II -The Conquerors\Sound\scenario\s2j.mp3
908=d:\games\Age Of Empires II -The Conquerors\Sound\scenario\s3d.mp3
909=d:\games\Age Of Empires II -The Conquerors\Sound\scenario\s3a.mp3
910=d:\games\Age Of Empires II -The Conquerors\Sound\scenario\s3c.mp3
911=d:\games\Age Of Empires II -The Conquerors\Sound\scenario\s3e.mp3
912=d:\games\Age Of Empires II -The Conquerors\Sound\scenario\s3b.mp3
913=d:\games\Age Of Empires II -The Conquerors\Sound\scenario\s3f.mp3
914=d:\games\Age Of Empires II -The Conquerors\Sound\scenario\s4a.mp3
915=d:\games\Age Of Empires II -The Conquerors\Sound\scenario\s4c.mp3
916=d:\games\Age Of Empires II -The Conquerors\Sound\scenario\s4i.mp3
917=d:\games\Age Of Empires II -The Conquerors\Sound\scenario\s4h.mp3
918=d:\games\Age Of Empires II -The Conquerors\Sound\scenario\s4l.mp3
919=d:\games\Age Of Empires II -The Conquerors\Sound\scenario\s4f.mp3
920=d:\games\Age Of Empires II -The Conquerors\Sound\scenario\s4j.mp3
921=d:\games\Age Of Empires II -The Conquerors\Sound\scenario\s4k.mp3
922=d:\games\Age Of Empires II -The Conquerors\Sound\scenario\s4g.mp3
923=d:\games\Age Of Empires II -The Conquerors\Sound\scenario\s4b.mp3
924=d:\games\Age Of Empires II -The Conquerors\Sound\scenario\s4e.mp3
925=d:\games\Age Of Empires II -The Conquerors\Sound\scenario\s4d.mp3
926=d:\games\Age Of Empires II -The Conquerors\Sound\scenario\s4m.mp3
927=d:\games\Age Of Empires II -The Conquerors\Sound\scenario\s5a.mp3
928=d:\games\Age Of Empires II -The Conquerors\Sound\scenario\s5b.mp3
929=d:\games\Age Of Empires II -The Conquerors\Sound\scenario\s5d.mp3
930=d:\games\Age Of Empires II -The Conquerors\Sound\scenario\s5c.mp3
931=d:\games\Age Of Empires II -The Conquerors\Sound\scenario\s6h.mp3
932=d:\games\Age Of Empires II -The Conquerors\Sound\scenario\s6a.mp3
933=d:\games\Age Of Empires II -The Conquerors\Sound\scenario\s6i.mp3
934=d:\games\Age Of Empires II -The Conquerors\Sound\scenario\s6d.mp3
935=d:\games\Age Of Empires II -The Conquerors\Sound\scenario\s6b.mp3
936=d:\games\Age Of Empires II -The Conquerors\Sound\scenario\s6f.mp3
937=d:\games\Age Of Empires II -The Conquerors\Sound\scenario\s6e.mp3
938=d:\games\Age Of Empires II -The Conquerors\Sound\scenario\s6c.mp3
939=d:\games\Age Of Empires II -The Conquerors\Sound\scenario\s6g.mp3
940=d:\games\Age Of Empires II -The Conquerors\Sound\scenario\w1s.mp3
941=d:\games\Age Of Empires II -The Conquerors\Sound\scenario\w1i.mp3
942=d:\games\Age Of Empires II -The Conquerors\Sound\scenario\w1r.mp3
943=d:\games\Age Of Empires II -The Conquerors\Sound\scenario\w1p.mp3
944=d:\games\Age Of Empires II -The Conquerors\Sound\scenario\w1g.mp3
945=d:\games\Age Of Empires II -The Conquerors\Sound\scenario\w1e.mp3
946=d:\games\Age Of Empires II -The Conquerors\Sound\scenario\w1o.mp3
947=d:\games\Age Of Empires II -The Conquerors\Sound\scenario\w1b.mp3
948=d:\games\Age Of Empires II -The Conquerors\Sound\scenario\w1a.mp3
949=d:\games\Age Of Empires II -The Conquerors\Sound\scenario\w1f.mp3
950=d:\games\Age Of Empires II -The Conquerors\Sound\scenario\w1wa.mp3
951=d:\games\Age Of Empires II -The Conquerors\Sound\scenario\w1h.mp3
952=d:\games\Age Of Empires II -The Conquerors\Sound\scenario\w1l.mp3
953=d:\games\Age Of Empires II -The Conquerors\Sound\scenario\w1c.mp3
954=d:\games\Age Of Empires II -The Conquerors\Sound\scenario\w1q.mp3
955=d:\games\Age Of Empires II -The Conquerors\Sound\scenario\w1t.mp3
956=d:\games\Age Of Empires II -The Conquerors\Sound\scenario\w1d.mp3
957=d:\games\Age Of Empires II -The Conquerors\Sound\scenario\w1wb.mp3
958=d:\games\Age Of Empires II -The Conquerors\Sound\scenario\w1wc.mp3
959=d:\games\Age Of Empires II -The Conquerors\Sound\scenario\w1k.mp3
960=d:\games\Age Of Empires II -The Conquerors\Sound\scenario\w1j.mp3
961=d:\games\Age Of Empires II -The Conquerors\Sound\scenario\w1m.mp3
962=d:\games\Age Of Empires II -The Conquerors\Sound\scenario\w1n.mp3
963=d:\games\Age Of Empires II -The Conquerors\Sound\scenario\w2k.mp3
964=d:\games\Age Of Empires II -The Conquerors\Sound\scenario\w2d.mp3
965=d:\games\Age Of Empires II -The Conquerors\Sound\scenario\w2f.mp3
966=d:\games\Age Of Empires II -The Conquerors\Sound\scenario\w2h.mp3
967=d:\games\Age Of Empires II -The Conquerors\Sound\scenario\w2aa.mp3
968=d:\games\Age Of Empires II -The Conquerors\Sound\scenario\w2j.mp3
969=d:\games\Age Of Empires II -The Conquerors\Sound\scenario\w2g.mp3
970=d:\games\Age Of Empires II -The Conquerors\Sound\scenario\w2c.mp3
971=d:\games\Age Of Empires II -The Conquerors\Sound\scenario\w2b.mp3
972=d:\games\Age Of Empires II -The Conquerors\Sound\scenario\w2a.mp3
973=d:\games\Age Of Empires II -The Conquerors\Sound\scenario\w2i.mp3
974=d:\games\Age Of Empires II -The Conquerors\Sound\scenario\w2wa.mp3
975=d:\games\Age Of Empires II -The Conquerors\Sound\scenario\w2e.mp3
976=d:\games\Age Of Empires II -The Conquerors\Sound\scenario\w3n.mp3
977=d:\games\Age Of Empires II -The Conquerors\Sound\scenario\w3i.mp3
978=d:\games\Age Of Empires II -The Conquerors\Sound\scenario\w3c.mp3
979=d:\games\Age Of Empires II -The Conquerors\Sound\scenario\w3h.mp3
980=d:\games\Age Of Empires II -The Conquerors\Sound\scenario\w3j.mp3
981=d:\games\Age Of Empires II -The Conquerors\Sound\scenario\w3k.mp3
982=d:\games\Age Of Empires II -The Conquerors\Sound\scenario\w3d.mp3
983=d:\games\Age Of Empires II -The Conquerors\Sound\scenario\w3o.mp3
984=d:\games\Age Of Empires II -The Conquerors\Sound\scenario\w3e2.mp3
985=d:\games\Age Of Empires II -The Conquerors\Sound\scenario\w3e.mp3
986=d:\games\Age Of Empires II -The Conquerors\Sound\scenario\w3m.mp3
987=d:\games\Age Of Empires II -The Conquerors\Sound\scenario\w3b.mp3
988=d:\games\Age Of Empires II -The Conquerors\Sound\scenario\w3f.mp3
989=d:\games\Age Of Empires II -The Conquerors\Sound\scenario\w3l.mp3
990=d:\games\Age Of Empires II -The Conquerors\Sound\scenario\w3a.mp3
991=d:\games\Age Of Empires II -The Conquerors\Sound\scenario\w3wa.mp3
992=d:\games\Age Of Empires II -The Conquerors\Sound\scenario\w3g.mp3
993=d:\games\Age Of Empires II -The Conquerors\Sound\scenario\w4b.mp3
994=d:\games\Age Of Empires II -The Conquerors\Sound\scenario\w4q.mp3
995=d:\games\Age Of Empires II -The Conquerors\Sound\scenario\w4f.mp3
996=d:\games\Age Of Empires II -The Conquerors\Sound\scenario\w4c.mp3
997=d:\games\Age Of Empires II -The Conquerors\Sound\scenario\w4j.mp3
998=d:\games\Age Of Empires II -The Conquerors\Sound\scenario\w4e.mp3
999=d:\games\Age Of Empires II -The Conquerors\Sound\scenario\w4g.mp3
1000=d:\games\Age Of Empires II -The Conquerors\Sound\scenario\w4d.mp3
1001=d:\games\Age Of Empires II -The Conquerors\Sound\scenario\w4i.mp3
1002=d:\games\Age Of Empires II -The Conquerors\Sound\scenario\w4wa.mp3
1003=d:\games\Age Of Empires II -The Conquerors\Sound\scenario\w4wc.mp3
1004=d:\games\Age Of Empires II -The Conquerors\Sound\scenario\w4a.mp3
1005=d:\games\Age Of Empires II -The Conquerors\Sound\scenario\w4n.mp3
1006=d:\games\Age Of Empires II -The Conquerors\Sound\scenario\w4k.mp3
1007=d:\games\Age Of Empires II -The Conquerors\Sound\scenario\w4m.mp3
1008=d:\games\Age Of Empires II -The Conquerors\Sound\scenario\w4o.mp3
1009=d:\games\Age Of Empires II -The Conquerors\Sound\scenario\w4h.mp3
1010=d:\games\Age Of Empires II -The Conquerors\Sound\scenario\w4l.mp3
1011=d:\games\Age Of Empires II -The Conquerors\Sound\scenario\w4p.mp3
1012=d:\games\Age Of Empires II -The Conquerors\Sound\scenario\w4wb.mp3
1013=d:\games\Age Of Empires II -The Conquerors\Sound\scenario\w5f.mp3
1014=d:\games\Age Of Empires II -The Conquerors\Sound\scenario\w5a.mp3
1015=d:\games\Age Of Empires II -The Conquerors\Sound\scenario\w5wa.mp3
1016=d:\games\Age Of Empires II -The Conquerors\Sound\scenario\w5r.mp3
1017=d:\games\Age Of Empires II -The Conquerors\Sound\scenario\w5z4.mp3
1018=d:\games\Age Of Empires II -The Conquerors\Sound\scenario\w5g.mp3
1019=d:\games\Age Of Empires II -The Conquerors\Sound\scenario\w5wh.mp3
1020=d:\games\Age Of Empires II -The Conquerors\Sound\scenario\w5k.mp3
1021=d:\games\Age Of Empires II -The Conquerors\Sound\scenario\w5n.mp3
1022=d:\games\Age Of Empires II -The Conquerors\Sound\scenario\w5t.mp3
1023=d:\games\Age Of Empires II -The Conquerors\Sound\scenario\w5v.mp3
1024=d:\games\Age Of Empires II -The Conquerors\Sound\scenario\w5h.mp3
1025=d:\games\Age Of Empires II -The Conquerors\Sound\scenario\w5c.mp3
1026=d:\games\Age Of Empires II -The Conquerors\Sound\scenario\w5d.mp3
1027=d:\games\Age Of Empires II -The Conquerors\Sound\scenario\w5wf.mp3
1028=d:\games\Age Of Empires II -The Conquerors\Sound\scenario\w5s.mp3
1029=d:\games\Age Of Empires II -The Conquerors\Sound\scenario\w5z.mp3
1030=d:\games\Age Of Empires II -The Conquerors\Sound\scenario\w5b.mp3
1031=d:\games\Age Of Empires II -The Conquerors\Sound\scenario\w5z3.mp3
1032=d:\games\Age Of Empires II -The Conquerors\Sound\scenario\w5m.mp3
1033=d:\games\Age Of Empires II -The Conquerors\Sound\scenario\w5o.mp3
1034=d:\games\Age Of Empires II -The Conquerors\Sound\scenario\w5l.mp3
1035=d:\games\Age Of Empires II -The Conquerors\Sound\scenario\w5p.mp3
1036=d:\games\Age Of Empires II -The Conquerors\Sound\scenario\w5w.mp3
1037=d:\games\Age Of Empires II -The Conquerors\Sound\scenario\w5j.mp3
1038=d:\games\Age Of Empires II -The Conquerors\Sound\scenario\w5x.mp3
1039=d:\games\Age Of Empires II -The Conquerors\Sound\scenario\w5wg.mp3
1040=d:\games\Age Of Empires II -The Conquerors\Sound\scenario\w5q.mp3
1041=d:\games\Age Of Empires II -The Conquerors\Sound\scenario\w5u.mp3
1042=d:\games\Age Of Empires II -The Conquerors\Sound\scenario\w5a2.mp3
1043=d:\games\Age Of Empires II -The Conquerors\Sound\scenario\w5y.mp3
1044=d:\games\Age Of Empires II -The Conquerors\Sound\scenario\w5i.mp3
1045=d:\games\Age Of Empires II -The Conquerors\Sound\scenario\w5we.mp3
1046=d:\games\Age Of Empires II -The Conquerors\Sound\scenario\w5e.mp3
1047=d:\games\Age Of Empires II -The Conquerors\Sound\scenario\w5wd.mp3
1048=d:\games\Age Of Empires II -The Conquerors\Sound\scenario\w5z2.mp3
1049=d:\games\Age Of Empires II -The Conquerors\Sound\scenario\w6f.mp3
1050=d:\games\Age Of Empires II -The Conquerors\Sound\scenario\w6c.mp3
1051=d:\games\Age Of Empires II -The Conquerors\Sound\scenario\w6u.mp3
1052=d:\games\Age Of Empires II -The Conquerors\Sound\scenario\w6q.mp3
1053=d:\games\Age Of Empires II -The Conquerors\Sound\scenario\w6b.mp3
1054=d:\games\Age Of Empires II -The Conquerors\Sound\scenario\w6g.mp3
1055=d:\games\Age Of Empires II -The Conquerors\Sound\scenario\w6t.mp3
1056=d:\games\Age Of Empires II -The Conquerors\Sound\scenario\w6e.mp3
1057=d:\games\Age Of Empires II -The Conquerors\Sound\scenario\w6r.mp3
1058=d:\games\Age Of Empires II -The Conquerors\Sound\scenario\w6k.mp3
1059=d:\games\Age Of Empires II -The Conquerors\Sound\scenario\w6s.mp3
1060=d:\games\Age Of Empires II -The Conquerors\Sound\scenario\w6v.mp3
1061=d:\games\Age Of Empires II -The Conquerors\Sound\scenario\w6p.mp3
1062=d:\games\Age Of Empires II -The Conquerors\Sound\scenario\w6d.mp3
1063=d:\games\Age Of Empires II -The Conquerors\Sound\scenario\w6a.mp3
1064=d:\games\Age Of Empires II -The Conquerors\Sound\scenario\w6l.mp3
1065=d:\games\Age Of Empires II -The Conquerors\Sound\scenario\w6m.mp3
1066=d:\games\Age Of Empires II -The Conquerors\Sound\scenario\w6w.mp3
1067=d:\games\Age Of Empires II -The Conquerors\Sound\scenario\w6h.mp3
1068=d:\games\Age Of Empires II -The Conquerors\Sound\scenario\w6i.mp3
1069=d:\games\Age Of Empires II -The Conquerors\Sound\scenario\w6j.mp3
1070=d:\games\Age Of Empires II -The Conquerors\Sound\scenario\w6n.mp3
1071=d:\games\Age Of Empires II -The Conquerors\Sound\scenario\w6o.mp3
1072=d:\games\Age Of Empires II -The Conquerors\Sound\scenario\w7m.mp3
1073=d:\games\Age Of Empires II -The Conquerors\Sound\scenario\w7j.mp3
1074=d:\games\Age Of Empires II -The Conquerors\Sound\scenario\w7o.mp3
1075=d:\games\Age Of Empires II -The Conquerors\Sound\scenario\w7i.mp3
1076=d:\games\Age Of Empires II -The Conquerors\Sound\scenario\w7f.mp3
1077=d:\games\Age Of Empires II -The Conquerors\Sound\scenario\w7a.mp3
1078=d:\games\Age Of Empires II -The Conquerors\Sound\scenario\w7n.mp3
1079=d:\games\Age Of Empires II -The Conquerors\Sound\scenario\w7h.mp3
1080=d:\games\Age Of Empires II -The Conquerors\Sound\scenario\w7l.mp3
1081=d:\games\Age Of Empires II -The Conquerors\Sound\scenario\w7q.mp3
1082=d:\games\Age Of Empires II -The Conquerors\Sound\scenario\w7k.mp3
1083=d:\games\Age Of Empires II -The Conquerors\Sound\scenario\w7e.mp3
1084=d:\games\Age Of Empires II -The Conquerors\Sound\scenario\w7b.mp3
1085=d:\games\Age Of Empires II -The Conquerors\Sound\scenario\w7d.mp3
1086=d:\games\Age Of Empires II -The Conquerors\Sound\scenario\w7g.mp3
1087=d:\games\Age Of Empires II -The Conquerors\Sound\scenario\w7p.mp3
1088=d:\games\Age Of Empires II -The Conquerors\Sound\scenario\w7c.mp3
1089=d:\games\Age Of Empires II -The Conquerors\Sound\scenario\Wolf.mp3
1090=d:\games\Age Of Empires II -The Conquerors\Sound\stream\Aztecs.mp3
1091=d:\games\Age Of Empires II -The Conquerors\Sound\stream\BRITISH.MP3
1092=d:\games\Age Of Empires II -The Conquerors\Sound\stream\BYZANTIN.MP3
1093=d:\games\Age Of Empires II -The Conquerors\Sound\stream\CELT.MP3
1094=d:\games\Age Of Empires II -The Conquerors\Sound\stream\CHINESE.MP3
1095=d:\games\Age Of Empires II -The Conquerors\Sound\stream\COUNTDWN.MP3
1096=d:\games\Age Of Empires II -The Conquerors\Sound\stream\FRENCH.MP3
1097=d:\games\Age Of Empires II -The Conquerors\Sound\stream\GOTH.MP3
1098=d:\games\Age Of Empires II -The Conquerors\Sound\stream\Huns.mp3
1099=d:\games\Age Of Empires II -The Conquerors\Sound\stream\JAPANESE.MP3
1100=d:\games\Age Of Empires II -The Conquerors\Sound\stream\Koreans.mp3
1101=d:\games\Age Of Empires II -The Conquerors\Sound\stream\LOST.MP3
1102=d:\games\Age Of Empires II -The Conquerors\Sound\stream\Mayans.mp3
1103=d:\games\Age Of Empires II -The Conquerors\Sound\stream\MONGOL.MP3
1104=d:\games\Age Of Empires II -The Conquerors\Sound\stream\OPEN.MP3
1105=d:\games\Age Of Empires II -The Conquerors\Sound\stream\PERSIAN.MP3
1106=d:\games\Age Of Empires II -The Conquerors\Sound\stream\RANDOM.MP3
1107=d:\games\Age Of Empires II -The Conquerors\Sound\stream\SARACEN.MP3
1108=d:\games\Age Of Empires II -The Conquerors\Sound\stream\Spanish.mp3
1109=d:\games\Age Of Empires II -The Conquerors\Sound\stream\TEUTON.MP3
1110=d:\games\Age Of Empires II -The Conquerors\Sound\stream\TOWN.MP3
1111=d:\games\Age Of Empires II -The Conquerors\Sound\stream\TURK.MP3
1112=d:\games\Age Of Empires II -The Conquerors\Sound\stream\VIKING.MP3
1113=d:\games\Age Of Empires II -The Conquerors\Sound\stream\WON2.MP3
1114=d:\games\Age Of Empires II -The Conquerors\Sound\stream\WON1.MP3
1115=d:\games\Age Of Empires II -The Conquerors\Sound\stream\xopen.mp3
1116=d:\games\Age Of Empires II -The Conquerors\Sound\stream\xtown.mp3
1117=d:\games\Age Of Empires II -The Conquerors\Sound\stream\xcredits.mp3
1118=d:\games\Age Of Empires II -The Conquerors\Sound\campaign\xc1s5end.mp3
1119=d:\games\Age Of Empires II -The Conquerors\Sound\campaign\xc1s6end.mp3
1120=d:\games\Age Of Empires II -The Conquerors\Sound\campaign\xc3s1.mp3
1121=d:\games\Age Of Empires II -The Conquerors\Sound\campaign\xc1s1.mp3
1122=d:\games\Age Of Empires II -The Conquerors\Sound\campaign\xc1s5.mp3
1123=d:\games\Age Of Empires II -The Conquerors\Sound\campaign\xc4s5.mp3
1124=d:\games\Age Of Empires II -The Conquerors\Sound\campaign\xc3s3.mp3
1125=d:\games\Age Of Empires II -The Conquerors\Sound\campaign\xc3s1end.mp3
1126=d:\games\Age Of Empires II -The Conquerors\Sound\campaign\xc2s6.mp3
1127=d:\games\Age Of Empires II -The Conquerors\Sound\campaign\xc3s3end.mp3
1128=d:\games\Age Of Empires II -The Conquerors\Sound\campaign\xc2s1end.mp3
1129=d:\games\Age Of Empires II -The Conquerors\Sound\campaign\xc1s1end.mp3
1130=d:\games\Age Of Empires II -The Conquerors\Sound\campaign\xc4s7.mp3
1131=d:\games\Age Of Empires II -The Conquerors\Sound\campaign\xc3s4.mp3
1132=d:\games\Age Of Empires II -The Conquerors\Sound\campaign\xc3s2.mp3
1133=d:\games\Age Of Empires II -The Conquerors\Sound\campaign\xc3s6.mp3
1134=d:\games\Age Of Empires II -The Conquerors\Sound\campaign\xc1s4.mp3
1135=d:\games\Age Of Empires II -The Conquerors\Sound\campaign\xc4s6.mp3
1136=d:\games\Age Of Empires II -The Conquerors\Sound\campaign\xc4s8.mp3
1137=d:\games\Age Of Empires II -The Conquerors\Sound\campaign\xc2s2.mp3
1138=d:\games\Age Of Empires II -The Conquerors\Sound\campaign\xc4s3end.mp3
1139=d:\games\Age Of Empires II -The Conquerors\Sound\campaign\xc4s3.mp3
1140=d:\games\Age Of Empires II -The Conquerors\Sound\campaign\xc2s1.mp3
1141=d:\games\Age Of Empires II -The Conquerors\Sound\campaign\xc4s4end.mp3
1142=d:\games\Age Of Empires II -The Conquerors\Sound\campaign\xc3s2end.mp3
1143=d:\games\Age Of Empires II -The Conquerors\Sound\campaign\xc1s2.mp3
1144=d:\games\Age Of Empires II -The Conquerors\Sound\campaign\xc3s6end.mp3
1145=d:\games\Age Of Empires II -The Conquerors\Sound\campaign\xc4s4.mp3
1146=d:\games\Age Of Empires II -The Conquerors\Sound\campaign\xc2s5end.mp3
1147=d:\games\Age Of Empires II -The Conquerors\Sound\campaign\xc2s5.mp3
1148=d:\games\Age Of Empires II -The Conquerors\Sound\campaign\xc3s5end.mp3
1149=d:\games\Age Of Empires II -The Conquerors\Sound\campaign\xc4s1.mp3
1150=d:\games\Age Of Empires II -The Conquerors\Sound\campaign\xc1s4end.mp3
1151=d:\games\Age Of Empires II -The Conquerors\Sound\campaign\xc4s6end.mp3
1152=d:\games\Age Of Empires II -The Conquerors\Sound\campaign\xc4s2.mp3
1153=d:\games\Age Of Empires II -The Conquerors\Sound\campaign\xc1s3end.mp3
1154=d:\games\Age Of Empires II -The Conquerors\Sound\campaign\xc1s3.mp3
1155=d:\games\Age Of Empires II -The Conquerors\Sound\campaign\xc3s4end.mp3
1156=d:\games\Age Of Empires II -The Conquerors\Sound\campaign\xc3s5.mp3
1157=d:\games\Age Of Empires II -The Conquerors\Sound\campaign\xc2s6end.mp3
1158=d:\games\Age Of Empires II -The Conquerors\Sound\campaign\xc2s3end.mp3
1159=d:\games\Age Of Empires II -The Conquerors\Sound\campaign\xc2s4.mp3
1160=d:\games\Age Of Empires II -The Conquerors\Sound\campaign\xc1s2end.mp3
1161=d:\games\Age Of Empires II -The Conquerors\Sound\campaign\xc4s1end.mp3
1162=d:\games\Age Of Empires II -The Conquerors\Sound\campaign\xc2s3.mp3
1163=d:\games\Age Of Empires II -The Conquerors\Sound\campaign\xc1s6.mp3
1164=d:\games\Age Of Empires II -The Conquerors\Sound\campaign\xc4s2end.mp3
1165=d:\games\Age Of Empires II -The Conquerors\Sound\campaign\xc4s5end.mp3
1166=d:\games\Age Of Empires II -The Conquerors\Sound\campaign\xc4s7end.mp3
1167=d:\games\Age Of Empires II -The Conquerors\Sound\campaign\xc4s8end.mp3
1168=d:\games\Age Of Empires II -The Conquerors\Sound\campaign\xc2s4end.mp3
1169=d:\games\Age Of Empires II -The Conquerors\Sound\campaign\xc2s2end.mp3
1170=d:\games\Age Of Empires II -The Conquerors\Sound\terrain\Cricket.wav
1171=d:\games\Age Of Empires II -The Conquerors\Sound\terrain\tf4.wav
1172=d:\games\Age Of Empires II -The Conquerors\Sound\terrain\tf3.wav
1173=d:\games\Age Of Empires II -The Conquerors\Sound\terrain\tf2.wav
1174=d:\games\Age Of Empires II -The Conquerors\Sound\terrain\tf1.wav
1175=d:\games\Age Of Empires II -The Conquerors\Sound\terrain\tf8.wav
1176=d:\games\Age Of Empires II -The Conquerors\Sound\terrain\tf6.wav
1177=d:\games\Age Of Empires II -The Conquerors\Sound\terrain\tf7.wav
1178=d:\games\Age Of Empires II -The Conquerors\Sound\terrain\Wave2.wav
1179=d:\games\Age Of Empires II -The Conquerors\Sound\terrain\Wave4.wav
1180=d:\games\Age Of Empires II -The Conquerors\Sound\terrain\Wave3.wav
1181=d:\games\Age Of Empires II -The Conquerors\Sound\terrain\Wave1.wav
1182=d:\games\Age Of Empires II -The Conquerors\Sound\terrain\Wave5.wav
1183=d:\games\Age Of Empires II -The Conquerors\Sound\terrain\Wind1.wav
1184=d:\games\Age Of Empires II -The Conquerors\Sound\terrain\Wind2.wav
1185=d:\games\Age Of Empires II -The Conquerors\Sound\terrain\Wind3.wav
1186=d:\games\Age Of Empires II -The Conquerors\Sound\terrain\jungle1.wav
1187=d:\games\Age Of Empires II -The Conquerors\Sound\terrain\jungle2.wav
1188=d:\games\Age Of Empires II -The Conquerors\Sound\terrain\jungle3.wav
1189=d:\games\Age Of Empires II -The Conquerors\Sound\terrain\jungle4.wav
1190=d:\games\Age Of Empires II -The Conquerors\Support\The Conquerors - NoTerrainSound.lnk
1191=d:\games\Age Of Empires II -The Conquerors\Support\The Conquerors - NormalMouse.lnk
1192=d:\games\Age Of Empires II -The Conquerors\Support\The Conquerors - NoStartup.lnk
1193=d:\games\Age Of Empires II -The Conquerors\Support\The Conquerors - NoMusic.lnk
1194=d:\games\Age Of Empires II -The Conquerors\Support\The Conquerors - NoSound.lnk
1195=d:\games\Age Of Empires II -The Conquerors\Support\The Conquerors - MFill.lnk
1196=d:\games\Age Of Empires II -The Conquerors\Support\The Conquerors - MSync.lnk
1197=d:\games\Age Of Empires II -The Conquerors\Support\The Conquerors - NoSC.lnk
1198=d:\games\Age Of Empires II -The Conquerors\Support\Support.txt
1199=d:\games\Age Of Empires II -The Conquerors\Taunt\01 Yes.mp3
1200=d:\games\Age Of Empires II -The Conquerors\Taunt\02 No.mp3
1201=d:\games\Age Of Empires II -The Conquerors\Taunt\03 Food, please.mp3
1202=d:\games\Age Of Empires II -The Conquerors\Taunt\04 Wood, please.mp3
1203=d:\games\Age Of Empires II -The Conquerors\Taunt\05 Gold, PLease.mp3
1204=d:\games\Age Of Empires II -The Conquerors\Taunt\06 Stone, please.mp3
1205=d:\games\Age Of Empires II -The Conquerors\Taunt\07 Ahh.mp3
1206=d:\games\Age Of Empires II -The Conquerors\Taunt\08 All hail.mp3
1207=d:\games\Age Of Empires II -The Conquerors\Taunt\09 Oooh.mp3
1208=d:\games\Age Of Empires II -The Conquerors\Taunt\10 Back to Age 1.mp3
1209=d:\games\Age Of Empires II -The Conquerors\Taunt\11 Herb laugh.mp3
1210=d:\games\Age Of Empires II -The Conquerors\Taunt\12 Being rushed.mp3
1211=d:\games\Age Of Empires II -The Conquerors\Taunt\13 Blame your isp.mp3
1212=d:\games\Age Of Empires II -The Conquerors\Taunt\14 Start the game.mp3
1213=d:\games\Age Of Empires II -The Conquerors\Taunt\15 Don't Point That Thing.mp3
1214=d:\games\Age Of Empires II -The Conquerors\Taunt\16 Enemy Sighted.mp3
1215=d:\games\Age Of Empires II -The Conquerors\Taunt\17 It Is Good.mp3
1216=d:\games\Age Of Empires II -The Conquerors\Taunt\18 I Need a Monk.mp3
1217=d:\games\Age Of Empires II -The Conquerors\Taunt\19 Long Time No Siege.mp3
1218=d:\games\Age Of Empires II -The Conquerors\Taunt\20 My granny.mp3
1219=d:\games\Age Of Empires II -The Conquerors\Taunt\21 Nice Town I'll Take It.mp3
1220=d:\games\Age Of Empires II -The Conquerors\Taunt\22 Quit Touchin.mp3
1221=d:\games\Age Of Empires II -The Conquerors\Taunt\23 Raiding Party.mp3
1222=d:\games\Age Of Empires II -The Conquerors\Taunt\24 Dadgum.mp3
1223=d:\games\Age Of Empires II -The Conquerors\Taunt\25 Smite Me.mp3
1224=d:\games\Age Of Empires II -The Conquerors\Taunt\26 The wonder.mp3
1225=d:\games\Age Of Empires II -The Conquerors\Taunt\27 You play 2 hours.mp3
1226=d:\games\Age Of Empires II -The Conquerors\Taunt\28 You Should See the Other Guy.mp3
1227=d:\games\Age Of Empires II -The Conquerors\Taunt\29 Roggan.mp3
1228=d:\games\Age Of Empires II -The Conquerors\Taunt\30 Wololo.mp3
1229=d:\games\Age Of Empires II -The Conquerors\Taunt\31 Attack an Enemy Now.mp3
1230=d:\games\Age Of Empires II -The Conquerors\Taunt\32 Cease Creating Extra Villagers.mp3
1231=d:\games\Age Of Empires II -The Conquerors\Taunt\33 Create Extra Villagers.mp3
1232=d:\games\Age Of Empires II -The Conquerors\Taunt\34 Build a Navy.mp3
1233=d:\games\Age Of Empires II -The Conquerors\Taunt\35 Stop Building a Navy.mp3
1234=d:\games\Age Of Empires II -The Conquerors\Taunt\36 Wait for My Signal to Attack.mp3
1235=d:\games\Age Of Empires II -The Conquerors\Taunt\37 Build a Wonder.mp3
1236=d:\games\Age Of Empires II -The Conquerors\Taunt\38 Give Me Your Extra Resources.mp3
1237=d:\games\Age Of Empires II -The Conquerors\Taunt\39 Ally.mp3
1238=d:\games\Age Of Empires II -The Conquerors\Taunt\40 Enemy.mp3
1239=d:\games\Age Of Empires II -The Conquerors\Taunt\41 Neutral.mp3
1240=d:\games\Age Of Empires II -The Conquerors\Taunt\42 What Age Are You In.mp3
1241=d:\games\Age Of Empires II -The Conquerors\age2_x1.exe
1242=d:\games\Age Of Empires II -The Conquerors\EBUEula.dll
1243=d:\games\Age Of Empires II -The Conquerors\ebueulax.dll
1244=d:\games\Age Of Empires II -The Conquerors\EBUSetup.sem
1245=d:\games\Age Of Empires II -The Conquerors\empires2.exe
1246=d:\games\Age Of Empires II -The Conquerors\EULA.RTF
1247=d:\games\Age Of Empires II -The Conquerors\EULAx.RTF
1248=d:\games\Age Of Empires II -The Conquerors\fonts.bat
1249=d:\games\Age Of Empires II -The Conquerors\HA312W32.DLL
1250=d:\games\Age Of Empires II -The Conquerors\language.dll
1251=d:\games\Age Of Empires II -The Conquerors\language_x1.dll
1252=d:\games\Age Of Empires II -The Conquerors\myth.acm
1253=d:\games\Age Of Empires II -The Conquerors\mythxpak.exe
1254=d:\games\Age Of Empires II -The Conquerors\player.nfo
1255=d:\games\Age Of Empires II -The Conquerors\player.nfx
1256=d:\games\Age Of Empires II -The Conquerors\Readme.rtf
1257=d:\games\Age Of Empires II -The Conquerors\Readmex.rtf
1258=d:\games\Age Of Empires II -The Conquerors\scenariobkg.bmp
1259=d:\games\Age Of Empires II -The Conquerors\setup.bat
1260=d:\games\Age Of Empires II -The Conquerors\setup.PIF
1261=d:\games\Age Of Empires II -The Conquerors\SETUPENU.DLL
1262=d:\games\Age Of Empires II -The Conquerors\SETUPREG.EXE
1263=d:\games\Age Of Empires II -The Conquerors\SHW32.DLL
1264=d:\games\Age Of Empires II -The Conquerors\STPENUX.DLL
1265=C:\WINDOWS\Start Menu\Programs\Age Of Empire-II The Conquerors\Remove Age Of Empire-II The Conquerors.lnk
[Fonts]
0=C:\WINDOWS\FONTS\Georgiaz.TTF
1=C:\WINDOWS\FONTS\Georgiai.TTF
2=C:\WINDOWS\FONTS\georgia.ttf
3=C:\WINDOWS\FONTS\Georgiab.TTF
4=C:\WINDOWS\FONTS\LBRITEDI.TTF
5=C:\WINDOWS\FONTS\LBRITEI.TTF
6=C:\WINDOWS\FONTS\LBRITE.TTF
7=C:\WINDOWS\FONTS\LBRITED.TTF
8=C:\WINDOWS\FONTS\LBLACK.TTF
9=C:\WINDOWS\FONTS\LCALLIG.TTF
10=C:\WINDOWS\FONTS\Papyrus.TTF
11=C:\WINDOWS\FONTS\Poorich.TTF
12=C:\WINDOWS\FONTS\VINERITC.TTF
[Strings]
IDS_STRING1=Are you sure you want to completely remove the selected application and all of its components?
IDS_STRING2=Confirm File Deletion
IDS_STRING3=The system indicates that the following shared file is no longer used by any programs.
IDS_STRING4=Remove Shared File?
IDS_STRING5=Uninstall successfully completed.
IDS_STRING6=Uninstall
IDS_STRING7=If any programs are still using this file and it is removed, those programs may not function. Are you sure you want to remove the shared file?
IDS_STRING8=Uninstall was partially successful.
IDS_ADMINPRIVILEGESNEEDED=Administrative privileges are needed to uninstall this software.
IDS_YES=&Yes
IDS_NO=&No
IDS_YESTOALL=Yes to &All
IDS_REMOVINGFILE=Removing File:
